2025-06-21 08:02:40,862 - INFO - Received AI move request for game 2f587a5d-7972-4eb5-b6b2-266f4433db6a: botPoints=300, fen=rnbqkbnr/pppppppp/8/8/8/5N2/PPPPPPPP/RNBQKB1R b KQkq - 0 1
2025-06-21 08:02:40,862 - INFO - Successfully initialized board for game 2f587a5d-7972-4eb5-b6b2-266f4433db6a with FEN: rnbqkbnr/pppppppp/8/8/8/5N2/PPPPPPPP/RNBQKB1R b KQkq - 0 1
2025-06-21 08:02:40,862 - INFO - Game 2f587a5d-7972-4eb5-b6b2-266f4433db6a: Bot config for 300 points: {'skill_level': -5, 'think_time': 0.1, 'mistake_probability': 0.4, 'blunder_probability': 0.15, 'random_move_probability': 0.1, 'depth_limit': 3}
2025-06-21 08:02:42,039 - INFO - Bot move for game 2f587a5d-7972-4eb5-b6b2-266f4433db6a (points: 300): c7c5 (from: [1,2], to: [3,2])
2025-06-21 08:02:45,117 - INFO - Received AI move request for game 2f587a5d-7972-4eb5-b6b2-266f4433db6a: botPoints=300, fen=rnbqkbnr/pp1ppppp/8/2p5/4P3/5N2/PPPP1PPP/RNBQKB1R b KQkq - 0 1
2025-06-21 08:02:45,117 - INFO - Successfully initialized board for game 2f587a5d-7972-4eb5-b6b2-266f4433db6a with FEN: rnbqkbnr/pp1ppppp/8/2p5/4P3/5N2/PPPP1PPP/RNBQKB1R b KQkq - 0 1
2025-06-21 08:02:45,118 - INFO - Game 2f587a5d-7972-4eb5-b6b2-266f4433db6a: Bot config for 300 points: {'skill_level': -5, 'think_time': 0.1, 'mistake_probability': 0.4, 'blunder_probability': 0.15, 'random_move_probability': 0.1, 'depth_limit': 3}
2025-06-21 08:02:46,477 - INFO - Bot making mistake
2025-06-21 08:02:46,477 - INFO - Bot move for game 2f587a5d-7972-4eb5-b6b2-266f4433db6a (points: 300): g7g5 (from: [1,6], to: [3,6])
2025-06-21 08:02:50,791 - INFO - Received AI move request for game 2f587a5d-7972-4eb5-b6b2-266f4433db6a: botPoints=300, fen=rnbqkbnr/pp1ppp1p/8/2p3p1/4P3/3P1N2/PPP2PPP/RNBQKB1R b KQkq - 0 1
2025-06-21 08:02:50,792 - INFO - Successfully initialized board for game 2f587a5d-7972-4eb5-b6b2-266f4433db6a with FEN: rnbqkbnr/pp1ppp1p/8/2p3p1/4P3/3P1N2/PPP2PPP/RNBQKB1R b KQkq - 0 1
2025-06-21 08:02:50,792 - INFO - Game 2f587a5d-7972-4eb5-b6b2-266f4433db6a: Bot config for 300 points: {'skill_level': -5, 'think_time': 0.1, 'mistake_probability': 0.4, 'blunder_probability': 0.15, 'random_move_probability': 0.1, 'depth_limit': 3}
2025-06-21 08:02:51,929 - INFO - Bot move for game 2f587a5d-7972-4eb5-b6b2-266f4433db6a (points: 300): b8c6 (from: [0,1], to: [2,2])
2025-06-21 08:02:53,882 - INFO - Received AI move request for game 2f587a5d-7972-4eb5-b6b2-266f4433db6a: botPoints=300, fen=r1bqkbnr/pp1ppp1p/2n5/2p3p1/2P1P3/3P1N2/PP3PPP/RNBQKB1R b KQkq - 0 1
2025-06-21 08:02:53,883 - INFO - Successfully initialized board for game 2f587a5d-7972-4eb5-b6b2-266f4433db6a with FEN: r1bqkbnr/pp1ppp1p/2n5/2p3p1/2P1P3/3P1N2/PP3PPP/RNBQKB1R b KQkq - 0 1
2025-06-21 08:02:53,883 - INFO - Game 2f587a5d-7972-4eb5-b6b2-266f4433db6a: Bot config for 300 points: {'skill_level': -5, 'think_time': 0.1, 'mistake_probability': 0.4, 'blunder_probability': 0.15, 'random_move_probability': 0.1, 'depth_limit': 3}
2025-06-21 08:02:55,229 - INFO - Bot making mistake
2025-06-21 08:02:55,229 - INFO - Bot move for game 2f587a5d-7972-4eb5-b6b2-266f4433db6a (points: 300): f7f6 (from: [1,5], to: [2,5])
2025-06-21 08:03:15,377 - INFO - Received AI move request for game 2f587a5d-7972-4eb5-b6b2-266f4433db6a: botPoints=300, fen=r1bqkbnr/pp1pp2p/2n2p2/2p3p1/2P1P3/3P1N2/PP2BPPP/RNBQK2R b KQkq - 0 1
2025-06-21 08:03:15,377 - INFO - Successfully initialized board for game 2f587a5d-7972-4eb5-b6b2-266f4433db6a with FEN: r1bqkbnr/pp1pp2p/2n2p2/2p3p1/2P1P3/3P1N2/PP2BPPP/RNBQK2R b KQkq - 0 1
2025-06-21 08:03:15,377 - INFO - Game 2f587a5d-7972-4eb5-b6b2-266f4433db6a: Bot config for 300 points: {'skill_level': -5, 'think_time': 0.1, 'mistake_probability': 0.4, 'blunder_probability': 0.15, 'random_move_probability': 0.1, 'depth_limit': 3}
2025-06-21 08:03:17,239 - INFO - Bot move for game 2f587a5d-7972-4eb5-b6b2-266f4433db6a (points: 300): f8h6 (from: [0,5], to: [2,7])
2025-06-21 08:03:19,572 - INFO - Received AI move request for game 2f587a5d-7972-4eb5-b6b2-266f4433db6a: botPoints=300, fen=r1bqk1nr/pp1pp2p/2n2p1b/2p3p1/2P1P3/3P1N2/PP2BPPP/RNBQ1RK1 b KQkq - 0 1
2025-06-21 08:03:19,573 - INFO - Successfully initialized board for game 2f587a5d-7972-4eb5-b6b2-266f4433db6a with FEN: r1bqk1nr/pp1pp2p/2n2p1b/2p3p1/2P1P3/3P1N2/PP2BPPP/RNBQ1RK1 b KQkq - 0 1
2025-06-21 08:03:19,573 - INFO - Game 2f587a5d-7972-4eb5-b6b2-266f4433db6a: Bot config for 300 points: {'skill_level': -5, 'think_time': 0.1, 'mistake_probability': 0.4, 'blunder_probability': 0.15, 'random_move_probability': 0.1, 'depth_limit': 3}
2025-06-21 08:03:20,751 - INFO - Bot making mistake
2025-06-21 08:03:20,751 - INFO - Bot move for game 2f587a5d-7972-4eb5-b6b2-266f4433db6a (points: 300): b7b5 (from: [1,1], to: [3,1])
2025-06-21 08:03:27,857 - INFO - Received AI move request for game 2f587a5d-7972-4eb5-b6b2-266f4433db6a: botPoints=300, fen=r1bqk1nr/p2pp2p/2n2p1b/1Pp3p1/4P3/3P1N2/PP2BPPP/RNBQ1RK1 b KQkq - 0 1
2025-06-21 08:03:27,857 - INFO - Successfully initialized board for game 2f587a5d-7972-4eb5-b6b2-266f4433db6a with FEN: r1bqk1nr/p2pp2p/2n2p1b/1Pp3p1/4P3/3P1N2/PP2BPPP/RNBQ1RK1 b KQkq - 0 1
2025-06-21 08:03:27,857 - INFO - Game 2f587a5d-7972-4eb5-b6b2-266f4433db6a: Bot config for 300 points: {'skill_level': -5, 'think_time': 0.1, 'mistake_probability': 0.4, 'blunder_probability': 0.15, 'random_move_probability': 0.1, 'depth_limit': 3}
2025-06-21 08:03:28,473 - INFO - Bot move for game 2f587a5d-7972-4eb5-b6b2-266f4433db6a (points: 300): c6e5 (from: [2,2], to: [3,4])
2025-06-21 08:03:31,266 - INFO - Received AI move request for game 2f587a5d-7972-4eb5-b6b2-266f4433db6a: botPoints=300, fen=r1bqk1nr/p2pp2p/5p1b/1Pp1N1p1/4P3/3P4/PP2BPPP/RNBQ1RK1 b KQkq - 0 1
2025-06-21 08:03:31,266 - INFO - Successfully initialized board for game 2f587a5d-7972-4eb5-b6b2-266f4433db6a with FEN: r1bqk1nr/p2pp2p/5p1b/1Pp1N1p1/4P3/3P4/PP2BPPP/RNBQ1RK1 b KQkq - 0 1
2025-06-21 08:03:31,267 - INFO - Game 2f587a5d-7972-4eb5-b6b2-266f4433db6a: Bot config for 300 points: {'skill_level': -5, 'think_time': 0.1, 'mistake_probability': 0.4, 'blunder_probability': 0.15, 'random_move_probability': 0.1, 'depth_limit': 3}
2025-06-21 08:03:31,714 - INFO - Bot move for game 2f587a5d-7972-4eb5-b6b2-266f4433db6a (points: 300): e8f8 (from: [0,4], to: [0,5])
2025-06-21 08:03:41,060 - INFO - Received AI move request for game 2f587a5d-7972-4eb5-b6b2-266f4433db6a: botPoints=300, fen=r1bq1knr/p2pp2p/5p1b/1Pp1N1p1/4P1B1/3P4/PP3PPP/RNBQ1RK1 b KQkq - 0 1
2025-06-21 08:03:41,061 - INFO - Successfully initialized board for game 2f587a5d-7972-4eb5-b6b2-266f4433db6a with FEN: r1bq1knr/p2pp2p/5p1b/1Pp1N1p1/4P1B1/3P4/PP3PPP/RNBQ1RK1 b KQkq - 0 1
2025-06-21 08:03:41,061 - INFO - Game 2f587a5d-7972-4eb5-b6b2-266f4433db6a: Bot config for 300 points: {'skill_level': -5, 'think_time': 0.1, 'mistake_probability': 0.4, 'blunder_probability': 0.15, 'random_move_probability': 0.1, 'depth_limit': 3}
2025-06-21 08:03:41,542 - INFO - Bot making mistake
2025-06-21 08:03:41,542 - INFO - Bot move for game 2f587a5d-7972-4eb5-b6b2-266f4433db6a (points: 300): f8e8 (from: [0,5], to: [0,4])
2025-06-21 08:03:50,412 - INFO - Received AI move request for game 2f587a5d-7972-4eb5-b6b2-266f4433db6a: botPoints=300, fen=r1bqk1nr/p2pp2p/5p1b/1Pp1N1p1/3PP1B1/8/PP3PPP/RNBQ1RK1 b KQkq - 0 1
2025-06-21 08:03:50,413 - INFO - Successfully initialized board for game 2f587a5d-7972-4eb5-b6b2-266f4433db6a with FEN: r1bqk1nr/p2pp2p/5p1b/1Pp1N1p1/3PP1B1/8/PP3PPP/RNBQ1RK1 b KQkq - 0 1
2025-06-21 08:03:50,413 - INFO - Game 2f587a5d-7972-4eb5-b6b2-266f4433db6a: Bot config for 300 points: {'skill_level': -5, 'think_time': 0.1, 'mistake_probability': 0.4, 'blunder_probability': 0.15, 'random_move_probability': 0.1, 'depth_limit': 3}
2025-06-21 08:03:50,878 - INFO - Bot making mistake
2025-06-21 08:03:50,878 - INFO - Bot move for game 2f587a5d-7972-4eb5-b6b2-266f4433db6a (points: 300): a7a6 (from: [1,0], to: [2,0])
2025-06-21 08:03:56,278 - INFO - Received AI move request for game 2f587a5d-7972-4eb5-b6b2-266f4433db6a: botPoints=300, fen=r1bqk1nr/3pp2p/p4p1b/1PP1N1p1/4P1B1/8/PP3PPP/RNBQ1RK1 b KQkq - 0 1
2025-06-21 08:03:56,279 - INFO - Successfully initialized board for game 2f587a5d-7972-4eb5-b6b2-266f4433db6a with FEN: r1bqk1nr/3pp2p/p4p1b/1PP1N1p1/4P1B1/8/PP3PPP/RNBQ1RK1 b KQkq - 0 1
2025-06-21 08:03:56,279 - INFO - Game 2f587a5d-7972-4eb5-b6b2-266f4433db6a: Bot config for 300 points: {'skill_level': -5, 'think_time': 0.1, 'mistake_probability': 0.4, 'blunder_probability': 0.15, 'random_move_probability': 0.1, 'depth_limit': 3}
2025-06-21 08:03:56,705 - INFO - Bot move for game 2f587a5d-7972-4eb5-b6b2-266f4433db6a (points: 300): a6b5 (from: [2,0], to: [3,1])
2025-06-21 08:04:14,429 - INFO - Received AI move request for game 2f587a5d-7972-4eb5-b6b2-266f4433db6a: botPoints=300, fen=r1bqk1nr/3pp2p/2P2p1b/1p2N1p1/4P1B1/8/PP3PPP/RNBQ1RK1 b KQkq - 0 1
2025-06-21 08:04:14,429 - INFO - Successfully initialized board for game 2f587a5d-7972-4eb5-b6b2-266f4433db6a with FEN: r1bqk1nr/3pp2p/2P2p1b/1p2N1p1/4P1B1/8/PP3PPP/RNBQ1RK1 b KQkq - 0 1
2025-06-21 08:04:14,429 - INFO - Game 2f587a5d-7972-4eb5-b6b2-266f4433db6a: Bot config for 300 points: {'skill_level': -5, 'think_time': 0.1, 'mistake_probability': 0.4, 'blunder_probability': 0.15, 'random_move_probability': 0.1, 'depth_limit': 3}
2025-06-21 08:04:14,920 - INFO - Bot move for game 2f587a5d-7972-4eb5-b6b2-266f4433db6a (points: 300): d7d5 (from: [1,3], to: [3,3])
2025-06-21 08:04:25,133 - INFO - Received AI move request for game 2f587a5d-7972-4eb5-b6b2-266f4433db6a: botPoints=300, fen=r1bqk1nr/4p2p/2P2p1b/1p1QN1p1/4P1B1/8/PP3PPP/RNB2RK1 b KQkq - 0 1
2025-06-21 08:04:25,133 - INFO - Successfully initialized board for game 2f587a5d-7972-4eb5-b6b2-266f4433db6a with FEN: r1bqk1nr/4p2p/2P2p1b/1p1QN1p1/4P1B1/8/PP3PPP/RNB2RK1 b KQkq - 0 1
2025-06-21 08:04:25,133 - INFO - Game 2f587a5d-7972-4eb5-b6b2-266f4433db6a: Bot config for 300 points: {'skill_level': -5, 'think_time': 0.1, 'mistake_probability': 0.4, 'blunder_probability': 0.15, 'random_move_probability': 0.1, 'depth_limit': 3}
2025-06-21 08:04:25,692 - INFO - Bot move for game 2f587a5d-7972-4eb5-b6b2-266f4433db6a (points: 300): d8d6 (from: [0,3], to: [2,3])
2025-06-21 08:04:37,746 - INFO - Received AI move request for game 2f587a5d-7972-4eb5-b6b2-266f4433db6a: botPoints=300, fen=r1b1k1nr/4p2p/2PQ1p1b/1p2N1p1/4P1B1/8/PP3PPP/RNB2RK1 b KQkq - 0 1
2025-06-21 08:04:37,746 - INFO - Successfully initialized board for game 2f587a5d-7972-4eb5-b6b2-266f4433db6a with FEN: r1b1k1nr/4p2p/2PQ1p1b/1p2N1p1/4P1B1/8/PP3PPP/RNB2RK1 b KQkq - 0 1
2025-06-21 08:04:37,746 - INFO - Game 2f587a5d-7972-4eb5-b6b2-266f4433db6a: Bot config for 300 points: {'skill_level': -5, 'think_time': 0.1, 'mistake_probability': 0.4, 'blunder_probability': 0.15, 'random_move_probability': 0.1, 'depth_limit': 3}
2025-06-21 08:04:38,184 - INFO - Bot making mistake
2025-06-21 08:04:38,185 - INFO - Bot move for game 2f587a5d-7972-4eb5-b6b2-266f4433db6a (points: 300): e7e6 (from: [1,4], to: [2,4])
2025-06-21 08:04:52,270 - INFO - Received AI move request for game 2f587a5d-7972-4eb5-b6b2-266f4433db6a: botPoints=300, fen=r1b1k1nr/2P4p/3Qpp1b/1p2N1p1/4P1B1/8/PP3PPP/RNB2RK1 b KQkq - 0 1
2025-06-21 08:04:52,270 - INFO - Successfully initialized board for game 2f587a5d-7972-4eb5-b6b2-266f4433db6a with FEN: r1b1k1nr/2P4p/3Qpp1b/1p2N1p1/4P1B1/8/PP3PPP/RNB2RK1 b KQkq - 0 1
2025-06-21 08:04:52,270 - INFO - Game 2f587a5d-7972-4eb5-b6b2-266f4433db6a: Bot config for 300 points: {'skill_level': -5, 'think_time': 0.1, 'mistake_probability': 0.4, 'blunder_probability': 0.15, 'random_move_probability': 0.1, 'depth_limit': 3}
2025-06-21 08:04:52,582 - INFO - Bot move for game 2f587a5d-7972-4eb5-b6b2-266f4433db6a (points: 300): c8b7 (from: [0,2], to: [1,1])
2025-06-21 08:04:55,719 - INFO - Received AI move request for game 2f587a5d-7972-4eb5-b6b2-266f4433db6a: botPoints=300, fen=r1Q1k1nr/1b5p/3Qpp1b/1p2N1p1/4P1B1/8/PP3PPP/RNB2RK1 b KQkq - 0 1
2025-06-21 08:04:55,719 - INFO - Successfully initialized board for game 2f587a5d-7972-4eb5-b6b2-266f4433db6a with FEN: r1Q1k1nr/1b5p/3Qpp1b/1p2N1p1/4P1B1/8/PP3PPP/RNB2RK1 b KQkq - 0 1
2025-06-21 08:04:55,720 - INFO - Game 2f587a5d-7972-4eb5-b6b2-266f4433db6a: Bot config for 300 points: {'skill_level': -5, 'think_time': 0.1, 'mistake_probability': 0.4, 'blunder_probability': 0.15, 'random_move_probability': 0.1, 'depth_limit': 3}
2025-06-21 08:04:55,974 - INFO - Bot making mistake
2025-06-21 08:04:55,974 - INFO - Bot move for game 2f587a5d-7972-4eb5-b6b2-266f4433db6a (points: 300): b7c8 (from: [1,1], to: [0,2])
2025-06-21 08:05:05,550 - INFO - Received AI move request for game 2f587a5d-7972-4eb5-b6b2-266f4433db6a: botPoints=300, fen=r1b1k1nr/7p/3QBp1b/1p2N1p1/4P3/8/PP3PPP/RNB2RK1 b KQkq - 0 1
2025-06-21 08:05:05,550 - INFO - Successfully initialized board for game 2f587a5d-7972-4eb5-b6b2-266f4433db6a with FEN: r1b1k1nr/7p/3QBp1b/1p2N1p1/4P3/8/PP3PPP/RNB2RK1 b KQkq - 0 1
2025-06-21 08:05:05,550 - INFO - Game 2f587a5d-7972-4eb5-b6b2-266f4433db6a: Bot config for 300 points: {'skill_level': -5, 'think_time': 0.1, 'mistake_probability': 0.4, 'blunder_probability': 0.15, 'random_move_probability': 0.1, 'depth_limit': 3}
2025-06-21 08:05:05,957 - INFO - Bot move for game 2f587a5d-7972-4eb5-b6b2-266f4433db6a (points: 300): c8e6 (from: [0,2], to: [2,4])
2025-06-21 08:05:07,588 - INFO - Received AI move request for game 2f587a5d-7972-4eb5-b6b2-266f4433db6a: botPoints=300, fen=r3k1nr/7p/4Qp1b/1p2N1p1/4P3/8/PP3PPP/RNB2RK1 b KQkq - 0 1
2025-06-21 08:05:07,588 - INFO - Successfully initialized board for game 2f587a5d-7972-4eb5-b6b2-266f4433db6a with FEN: r3k1nr/7p/4Qp1b/1p2N1p1/4P3/8/PP3PPP/RNB2RK1 b KQkq - 0 1
2025-06-21 08:05:07,589 - INFO - Game 2f587a5d-7972-4eb5-b6b2-266f4433db6a: Bot config for 300 points: {'skill_level': -5, 'think_time': 0.1, 'mistake_probability': 0.4, 'blunder_probability': 0.15, 'random_move_probability': 0.1, 'depth_limit': 3}
2025-06-21 08:05:07,863 - INFO - Bot move for game 2f587a5d-7972-4eb5-b6b2-266f4433db6a (points: 300): e8d8 (from: [0,4], to: [0,3])
2025-06-21 08:05:15,658 - INFO - Received AI move request for game 2f587a5d-7972-4eb5-b6b2-266f4433db6a: botPoints=300, fen=r2k2nr/7p/4Qp1b/1p2N1p1/4P3/8/PP3PPP/RNBR2K1 b KQkq - 0 1
2025-06-21 08:05:15,658 - INFO - Successfully initialized board for game 2f587a5d-7972-4eb5-b6b2-266f4433db6a with FEN: r2k2nr/7p/4Qp1b/1p2N1p1/4P3/8/PP3PPP/RNBR2K1 b KQkq - 0 1
2025-06-21 08:05:15,658 - INFO - Game 2f587a5d-7972-4eb5-b6b2-266f4433db6a: Bot config for 300 points: {'skill_level': -5, 'think_time': 0.1, 'mistake_probability': 0.4, 'blunder_probability': 0.15, 'random_move_probability': 0.1, 'depth_limit': 3}
2025-06-21 08:05:15,923 - INFO - Bot move for game 2f587a5d-7972-4eb5-b6b2-266f4433db6a (points: 300): d8c7 (from: [0,3], to: [1,2])
2025-06-21 08:05:18,706 - INFO - Received AI move request for game 2f587a5d-7972-4eb5-b6b2-266f4433db6a: botPoints=300, fen=r5nr/2kR3p/4Qp1b/1p2N1p1/4P3/8/PP3PPP/RNB3K1 b KQkq - 0 1
2025-06-21 08:05:18,707 - INFO - Successfully initialized board for game 2f587a5d-7972-4eb5-b6b2-266f4433db6a with FEN: r5nr/2kR3p/4Qp1b/1p2N1p1/4P3/8/PP3PPP/RNB3K1 b KQkq - 0 1
2025-06-21 08:05:18,707 - INFO - Game 2f587a5d-7972-4eb5-b6b2-266f4433db6a: Bot config for 300 points: {'skill_level': -5, 'think_time': 0.1, 'mistake_probability': 0.4, 'blunder_probability': 0.15, 'random_move_probability': 0.1, 'depth_limit': 3}
2025-06-21 08:05:18,958 - INFO - Bot move for game 2f587a5d-7972-4eb5-b6b2-266f4433db6a (points: 300): c7b8 (from: [1,2], to: [0,1])
2025-06-21 08:32:08,469 - INFO - Received AI move request for game 7877c62b-47e6-4d16-9be7-adea27b13130: botPoints=300, fen=rnbqkbnr/pppppppp/8/8/8/5N2/PPPPPPPP/RNBQKB1R b KQkq - 0 1
2025-06-21 08:32:08,472 - INFO - Successfully initialized board for game 7877c62b-47e6-4d16-9be7-adea27b13130 with FEN: rnbqkbnr/pppppppp/8/8/8/5N2/PPPPPPPP/RNBQKB1R b KQkq - 0 1
2025-06-21 08:32:08,474 - INFO - Game 7877c62b-47e6-4d16-9be7-adea27b13130: Bot config for 300 points: {'skill_level': -5, 'think_time': 0.1, 'mistake_probability': 0.4, 'blunder_probability': 0.15, 'random_move_probability': 0.1, 'depth_limit': 3}
2025-06-21 08:32:09,682 - INFO - Bot making mistake
2025-06-21 08:32:09,683 - INFO - Bot move for game 7877c62b-47e6-4d16-9be7-adea27b13130 (points: 300): b8a6 (from: [0,1], to: [2,0])
2025-06-21 08:32:13,350 - INFO - Received AI move request for game 7877c62b-47e6-4d16-9be7-adea27b13130: botPoints=300, fen=r1bqkbnr/pppppppp/n7/8/4P3/5N2/PPPP1PPP/RNBQKB1R b KQkq - 0 1
2025-06-21 08:32:13,350 - INFO - Successfully initialized board for game 7877c62b-47e6-4d16-9be7-adea27b13130 with FEN: r1bqkbnr/pppppppp/n7/8/4P3/5N2/PPPP1PPP/RNBQKB1R b KQkq - 0 1
2025-06-21 08:32:13,351 - INFO - Game 7877c62b-47e6-4d16-9be7-adea27b13130: Bot config for 300 points: {'skill_level': -5, 'think_time': 0.1, 'mistake_probability': 0.4, 'blunder_probability': 0.15, 'random_move_probability': 0.1, 'depth_limit': 3}
2025-06-21 08:32:14,598 - INFO - Bot making mistake
2025-06-21 08:32:14,598 - INFO - Bot move for game 7877c62b-47e6-4d16-9be7-adea27b13130 (points: 300): g7g5 (from: [1,6], to: [3,6])
2025-06-21 08:32:20,342 - INFO - Received AI move request for game 7877c62b-47e6-4d16-9be7-adea27b13130: botPoints=300, fen=r1bqkbnr/pppppp1p/B7/6p1/4P3/5N2/PPPP1PPP/RNBQK2R b KQkq - 0 1
2025-06-21 08:32:20,343 - INFO - Successfully initialized board for game 7877c62b-47e6-4d16-9be7-adea27b13130 with FEN: r1bqkbnr/pppppp1p/B7/6p1/4P3/5N2/PPPP1PPP/RNBQK2R b KQkq - 0 1
2025-06-21 08:32:20,343 - INFO - Game 7877c62b-47e6-4d16-9be7-adea27b13130: Bot config for 300 points: {'skill_level': -5, 'think_time': 0.1, 'mistake_probability': 0.4, 'blunder_probability': 0.15, 'random_move_probability': 0.1, 'depth_limit': 3}
2025-06-21 08:32:20,902 - INFO - Bot making mistake
2025-06-21 08:32:20,902 - INFO - Bot move for game 7877c62b-47e6-4d16-9be7-adea27b13130 (points: 300): b7b5 (from: [1,1], to: [3,1])
2025-06-21 08:32:23,732 - INFO - Received AI move request for game 7877c62b-47e6-4d16-9be7-adea27b13130: botPoints=300, fen=r1Bqkbnr/p1pppp1p/8/1p4p1/4P3/5N2/PPPP1PPP/RNBQK2R b KQkq - 0 1
2025-06-21 08:32:23,732 - INFO - Successfully initialized board for game 7877c62b-47e6-4d16-9be7-adea27b13130 with FEN: r1Bqkbnr/p1pppp1p/8/1p4p1/4P3/5N2/PPPP1PPP/RNBQK2R b KQkq - 0 1
2025-06-21 08:32:23,732 - INFO - Game 7877c62b-47e6-4d16-9be7-adea27b13130: Bot config for 300 points: {'skill_level': -5, 'think_time': 0.1, 'mistake_probability': 0.4, 'blunder_probability': 0.15, 'random_move_probability': 0.1, 'depth_limit': 3}
2025-06-21 08:32:24,259 - INFO - Bot making mistake
2025-06-21 08:32:24,259 - INFO - Bot move for game 7877c62b-47e6-4d16-9be7-adea27b13130 (points: 300): d7d5 (from: [1,3], to: [3,3])
2025-06-21 08:32:29,383 - INFO - Received AI move request for game 7877c62b-47e6-4d16-9be7-adea27b13130: botPoints=300, fen=r2qkbnr/p1p1pp1p/8/1p1p2p1/4P1B1/5N2/PPPP1PPP/RNBQK2R b KQkq - 0 1
2025-06-21 08:32:29,384 - INFO - Successfully initialized board for game 7877c62b-47e6-4d16-9be7-adea27b13130 with FEN: r2qkbnr/p1p1pp1p/8/1p1p2p1/4P1B1/5N2/PPPP1PPP/RNBQK2R b KQkq - 0 1
2025-06-21 08:32:29,384 - INFO - Game 7877c62b-47e6-4d16-9be7-adea27b13130: Bot config for 300 points: {'skill_level': -5, 'think_time': 0.1, 'mistake_probability': 0.4, 'blunder_probability': 0.15, 'random_move_probability': 0.1, 'depth_limit': 3}
2025-06-21 08:32:29,909 - INFO - Bot making mistake
2025-06-21 08:32:29,909 - INFO - Bot move for game 7877c62b-47e6-4d16-9be7-adea27b13130 (points: 300): d8b8 (from: [0,3], to: [0,1])
2025-06-21 08:32:40,308 - INFO - Received AI move request for game 7877c62b-47e6-4d16-9be7-adea27b13130: botPoints=300, fen=rq2kbnr/p1p1pp1p/8/1p1p2N1/4P1B1/8/PPPP1PPP/RNBQK2R b KQkq - 0 1
2025-06-21 08:32:40,309 - INFO - Successfully initialized board for game 7877c62b-47e6-4d16-9be7-adea27b13130 with FEN: rq2kbnr/p1p1pp1p/8/1p1p2N1/4P1B1/8/PPPP1PPP/RNBQK2R b KQkq - 0 1
2025-06-21 08:32:40,309 - INFO - Game 7877c62b-47e6-4d16-9be7-adea27b13130: Bot config for 300 points: {'skill_level': -5, 'think_time': 0.1, 'mistake_probability': 0.4, 'blunder_probability': 0.15, 'random_move_probability': 0.1, 'depth_limit': 3}
2025-06-21 08:32:40,754 - INFO - Bot making mistake
2025-06-21 08:32:40,754 - INFO - Bot move for game 7877c62b-47e6-4d16-9be7-adea27b13130 (points: 300): b8c8 (from: [0,1], to: [0,2])
2025-06-21 08:32:43,920 - INFO - Received AI move request for game 7877c62b-47e6-4d16-9be7-adea27b13130: botPoints=300, fen=r1B1kbnr/p1p1pp1p/8/1p1p2N1/4P3/8/PPPP1PPP/RNBQK2R b KQkq - 0 1
2025-06-21 08:32:43,920 - INFO - Successfully initialized board for game 7877c62b-47e6-4d16-9be7-adea27b13130 with FEN: r1B1kbnr/p1p1pp1p/8/1p1p2N1/4P3/8/PPPP1PPP/RNBQK2R b KQkq - 0 1
2025-06-21 08:32:43,920 - INFO - Game 7877c62b-47e6-4d16-9be7-adea27b13130: Bot config for 300 points: {'skill_level': -5, 'think_time': 0.1, 'mistake_probability': 0.4, 'blunder_probability': 0.15, 'random_move_probability': 0.1, 'depth_limit': 3}
2025-06-21 08:32:44,345 - INFO - Bot move for game 7877c62b-47e6-4d16-9be7-adea27b13130 (points: 300): f8h6 (from: [0,5], to: [2,7])
2025-06-21 08:32:48,803 - INFO - Received AI move request for game 7877c62b-47e6-4d16-9be7-adea27b13130: botPoints=300, fen=r1B1k1nr/p1p1pN1p/7b/1p1p4/4P3/8/PPPP1PPP/RNBQK2R b KQkq - 0 1
2025-06-21 08:32:48,803 - INFO - Successfully initialized board for game 7877c62b-47e6-4d16-9be7-adea27b13130 with FEN: r1B1k1nr/p1p1pN1p/7b/1p1p4/4P3/8/PPPP1PPP/RNBQK2R b KQkq - 0 1
2025-06-21 08:32:48,803 - INFO - Game 7877c62b-47e6-4d16-9be7-adea27b13130: Bot config for 300 points: {'skill_level': -5, 'think_time': 0.1, 'mistake_probability': 0.4, 'blunder_probability': 0.15, 'random_move_probability': 0.1, 'depth_limit': 3}
2025-06-21 08:32:49,227 - INFO - Bot making mistake
2025-06-21 08:32:49,227 - INFO - Bot move for game 7877c62b-47e6-4d16-9be7-adea27b13130 (points: 300): h6g5 (from: [2,7], to: [3,6])
2025-06-21 08:32:50,942 - INFO - Received AI move request for game 7877c62b-47e6-4d16-9be7-adea27b13130: botPoints=300, fen=r1B1k1nr/p1p1p2p/8/1p1p2N1/4P3/8/PPPP1PPP/RNBQK2R b KQkq - 0 1
2025-06-21 08:32:50,942 - INFO - Successfully initialized board for game 7877c62b-47e6-4d16-9be7-adea27b13130 with FEN: r1B1k1nr/p1p1p2p/8/1p1p2N1/4P3/8/PPPP1PPP/RNBQK2R b KQkq - 0 1
2025-06-21 08:32:50,942 - INFO - Game 7877c62b-47e6-4d16-9be7-adea27b13130: Bot config for 300 points: {'skill_level': -5, 'think_time': 0.1, 'mistake_probability': 0.4, 'blunder_probability': 0.15, 'random_move_probability': 0.1, 'depth_limit': 3}
2025-06-21 08:32:51,362 - INFO - Bot move for game 7877c62b-47e6-4d16-9be7-adea27b13130 (points: 300): d5e4 (from: [3,3], to: [4,4])
2025-06-21 08:32:53,592 - INFO - Received AI move request for game 7877c62b-47e6-4d16-9be7-adea27b13130: botPoints=300, fen=r1B1k1nr/p1p1p2p/8/1p6/4N3/8/PPPP1PPP/RNBQK2R b KQkq - 0 1
2025-06-21 08:32:53,592 - INFO - Successfully initialized board for game 7877c62b-47e6-4d16-9be7-adea27b13130 with FEN: r1B1k1nr/p1p1p2p/8/1p6/4N3/8/PPPP1PPP/RNBQK2R b KQkq - 0 1
2025-06-21 08:32:53,592 - INFO - Game 7877c62b-47e6-4d16-9be7-adea27b13130: Bot config for 300 points: {'skill_level': -5, 'think_time': 0.1, 'mistake_probability': 0.4, 'blunder_probability': 0.15, 'random_move_probability': 0.1, 'depth_limit': 3}
2025-06-21 08:32:53,991 - INFO - Bot making mistake
2025-06-21 08:32:53,991 - INFO - Bot move for game 7877c62b-47e6-4d16-9be7-adea27b13130 (points: 300): e8f8 (from: [0,4], to: [0,5])
2025-06-21 08:32:57,325 - INFO - Received AI move request for game 7877c62b-47e6-4d16-9be7-adea27b13130: botPoints=300, fen=r1B2knr/p1p1p2p/8/1p6/4N1Q1/8/PPPP1PPP/RNB1K2R b KQkq - 0 1
2025-06-21 08:32:57,325 - INFO - Successfully initialized board for game 7877c62b-47e6-4d16-9be7-adea27b13130 with FEN: r1B2knr/p1p1p2p/8/1p6/4N1Q1/8/PPPP1PPP/RNB1K2R b KQkq - 0 1
2025-06-21 08:32:57,325 - INFO - Game 7877c62b-47e6-4d16-9be7-adea27b13130: Bot config for 300 points: {'skill_level': -5, 'think_time': 0.1, 'mistake_probability': 0.4, 'blunder_probability': 0.15, 'random_move_probability': 0.1, 'depth_limit': 3}
2025-06-21 08:32:57,710 - INFO - Bot move for game 7877c62b-47e6-4d16-9be7-adea27b13130 (points: 300): c7c5 (from: [1,2], to: [3,2])
2025-06-21 08:33:00,763 - INFO - Received AI move request for game 7877c62b-47e6-4d16-9be7-adea27b13130: botPoints=300, fen=r1B2knr/p3p2p/8/1pp2Q2/4N3/8/PPPP1PPP/RNB1K2R b KQkq - 0 1
2025-06-21 08:33:00,763 - INFO - Successfully initialized board for game 7877c62b-47e6-4d16-9be7-adea27b13130 with FEN: r1B2knr/p3p2p/8/1pp2Q2/4N3/8/PPPP1PPP/RNB1K2R b KQkq - 0 1
2025-06-21 08:33:00,763 - INFO - Game 7877c62b-47e6-4d16-9be7-adea27b13130: Bot config for 300 points: {'skill_level': -5, 'think_time': 0.1, 'mistake_probability': 0.4, 'blunder_probability': 0.15, 'random_move_probability': 0.1, 'depth_limit': 3}
2025-06-21 08:33:01,182 - INFO - Bot move for game 7877c62b-47e6-4d16-9be7-adea27b13130 (points: 300): f8e8 (from: [0,5], to: [0,4])
2025-06-21 08:33:04,198 - INFO - Received AI move request for game 7877c62b-47e6-4d16-9be7-adea27b13130: botPoints=300, fen=r1B1k1nr/p2Qp2p/8/1pp5/4N3/8/PPPP1PPP/RNB1K2R b KQkq - 0 1
2025-06-21 08:33:04,198 - INFO - Successfully initialized board for game 7877c62b-47e6-4d16-9be7-adea27b13130 with FEN: r1B1k1nr/p2Qp2p/8/1pp5/4N3/8/PPPP1PPP/RNB1K2R b KQkq - 0 1
2025-06-21 08:33:04,198 - INFO - Game 7877c62b-47e6-4d16-9be7-adea27b13130: Bot config for 300 points: {'skill_level': -5, 'think_time': 0.1, 'mistake_probability': 0.4, 'blunder_probability': 0.15, 'random_move_probability': 0.1, 'depth_limit': 3}
2025-06-21 08:33:04,477 - INFO - Bot move for game 7877c62b-47e6-4d16-9be7-adea27b13130 (points: 300): e8f7 (from: [0,4], to: [1,5])
2025-06-21 08:33:09,909 - INFO - Received AI move request for game 7877c62b-47e6-4d16-9be7-adea27b13130: botPoints=300, fen=r1B3nr/p2Qpk1p/8/1pp3N1/8/8/PPPP1PPP/RNB1K2R b KQkq - 0 1
2025-06-21 08:33:09,909 - INFO - Successfully initialized board for game 7877c62b-47e6-4d16-9be7-adea27b13130 with FEN: r1B3nr/p2Qpk1p/8/1pp3N1/8/8/PPPP1PPP/RNB1K2R b KQkq - 0 1
2025-06-21 08:33:09,909 - INFO - Game 7877c62b-47e6-4d16-9be7-adea27b13130: Bot config for 300 points: {'skill_level': -5, 'think_time': 0.1, 'mistake_probability': 0.4, 'blunder_probability': 0.15, 'random_move_probability': 0.1, 'depth_limit': 3}
2025-06-21 08:33:10,201 - INFO - Bot move for game 7877c62b-47e6-4d16-9be7-adea27b13130 (points: 300): f7f6 (from: [1,5], to: [2,5])
2025-06-21 08:33:13,614 - INFO - Received AI move request for game 7877c62b-47e6-4d16-9be7-adea27b13130: botPoints=300, fen=r1B3nr/p2Qp2p/4Nk2/1pp5/8/8/PPPP1PPP/RNB1K2R b KQkq - 0 1
2025-06-21 08:33:13,614 - INFO - Successfully initialized board for game 7877c62b-47e6-4d16-9be7-adea27b13130 with FEN: r1B3nr/p2Qp2p/4Nk2/1pp5/8/8/PPPP1PPP/RNB1K2R b KQkq - 0 1
2025-06-21 08:33:13,614 - INFO - Game 7877c62b-47e6-4d16-9be7-adea27b13130: Bot config for 300 points: {'skill_level': -5, 'think_time': 0.1, 'mistake_probability': 0.4, 'blunder_probability': 0.15, 'random_move_probability': 0.1, 'depth_limit': 3}
2025-06-21 08:33:13,999 - INFO - Bot move for game 7877c62b-47e6-4d16-9be7-adea27b13130 (points: 300): f6f7 (from: [2,5], to: [1,5])
2025-06-21 08:33:19,360 - INFO - Received AI move request for game 7877c62b-47e6-4d16-9be7-adea27b13130: botPoints=300, fen=r1BQ2nr/p3pk1p/4N3/1pp5/8/8/PPPP1PPP/RNB1K2R b KQkq - 0 1
2025-06-21 08:33:19,361 - INFO - Successfully initialized board for game 7877c62b-47e6-4d16-9be7-adea27b13130 with FEN: r1BQ2nr/p3pk1p/4N3/1pp5/8/8/PPPP1PPP/RNB1K2R b KQkq - 0 1
2025-06-21 08:33:19,361 - INFO - Game 7877c62b-47e6-4d16-9be7-adea27b13130: Bot config for 300 points: {'skill_level': -5, 'think_time': 0.1, 'mistake_probability': 0.4, 'blunder_probability': 0.15, 'random_move_probability': 0.1, 'depth_limit': 3}
2025-06-21 08:33:19,678 - INFO - Bot move for game 7877c62b-47e6-4d16-9be7-adea27b13130 (points: 300): a8c8 (from: [0,0], to: [0,2])
2025-06-21 08:33:21,396 - INFO - Received AI move request for game 7877c62b-47e6-4d16-9be7-adea27b13130: botPoints=300, fen=2Q3nr/p3pk1p/4N3/1pp5/8/8/PPPP1PPP/RNB1K2R b KQkq - 0 1
2025-06-21 08:33:21,397 - INFO - Successfully initialized board for game 7877c62b-47e6-4d16-9be7-adea27b13130 with FEN: 2Q3nr/p3pk1p/4N3/1pp5/8/8/PPPP1PPP/RNB1K2R b KQkq - 0 1
2025-06-21 08:33:21,397 - INFO - Game 7877c62b-47e6-4d16-9be7-adea27b13130: Bot config for 300 points: {'skill_level': -5, 'think_time': 0.1, 'mistake_probability': 0.4, 'blunder_probability': 0.15, 'random_move_probability': 0.1, 'depth_limit': 3}
2025-06-21 08:33:21,753 - INFO - Bot move for game 7877c62b-47e6-4d16-9be7-adea27b13130 (points: 300): b5b4 (from: [3,1], to: [4,1])
2025-06-21 08:33:26,752 - INFO - Received AI move request for game 7877c62b-47e6-4d16-9be7-adea27b13130: botPoints=300, fen=5Qnr/p3pk1p/4N3/2p5/1p6/8/PPPP1PPP/RNB1K2R b KQkq - 0 1
2025-06-21 08:33:26,753 - INFO - Successfully initialized board for game 7877c62b-47e6-4d16-9be7-adea27b13130 with FEN: 5Qnr/p3pk1p/4N3/2p5/1p6/8/PPPP1PPP/RNB1K2R b KQkq - 0 1
2025-06-21 08:33:26,753 - INFO - Game 7877c62b-47e6-4d16-9be7-adea27b13130: Bot config for 300 points: {'skill_level': -5, 'think_time': 0.1, 'mistake_probability': 0.4, 'blunder_probability': 0.15, 'random_move_probability': 0.1, 'depth_limit': 3}
2025-06-21 08:33:27,017 - INFO - Bot making mistake
2025-06-21 08:33:27,018 - INFO - Bot move for game 7877c62b-47e6-4d16-9be7-adea27b13130 (points: 300): f7g6 (from: [1,5], to: [2,6])
2025-06-21 08:33:37,002 - INFO - Received AI move request for game 7877c62b-47e6-4d16-9be7-adea27b13130: botPoints=300, fen=5Qnr/p3p2p/4N1k1/2p5/1p6/3P4/PPP2PPP/RNB1K2R b KQkq - 0 1
2025-06-21 08:33:37,002 - INFO - Successfully initialized board for game 7877c62b-47e6-4d16-9be7-adea27b13130 with FEN: 5Qnr/p3p2p/4N1k1/2p5/1p6/3P4/PPP2PPP/RNB1K2R b KQkq - 0 1
2025-06-21 08:33:37,002 - INFO - Game 7877c62b-47e6-4d16-9be7-adea27b13130: Bot config for 300 points: {'skill_level': -5, 'think_time': 0.1, 'mistake_probability': 0.4, 'blunder_probability': 0.15, 'random_move_probability': 0.1, 'depth_limit': 3}
2025-06-21 08:33:37,314 - INFO - Bot move for game 7877c62b-47e6-4d16-9be7-adea27b13130 (points: 300): g8f6 (from: [0,6], to: [2,5])
2025-06-21 08:33:41,632 - INFO - Received AI move request for game 7877c62b-47e6-4d16-9be7-adea27b13130: botPoints=300, fen=7Q/p3p2p/4Nnk1/2p5/1p6/3P4/PPP2PPP/RNB1K2R b KQkq - 0 1
2025-06-21 08:33:41,632 - INFO - Successfully initialized board for game 7877c62b-47e6-4d16-9be7-adea27b13130 with FEN: 7Q/p3p2p/4Nnk1/2p5/1p6/3P4/PPP2PPP/RNB1K2R b KQkq - 0 1
2025-06-21 08:33:41,632 - INFO - Game 7877c62b-47e6-4d16-9be7-adea27b13130: Bot config for 300 points: {'skill_level': -5, 'think_time': 0.1, 'mistake_probability': 0.4, 'blunder_probability': 0.15, 'random_move_probability': 0.1, 'depth_limit': 3}
2025-06-21 08:33:41,876 - INFO - Bot making random move
2025-06-21 08:33:41,876 - INFO - Bot move for game 7877c62b-47e6-4d16-9be7-adea27b13130 (points: 300): a7a5 (from: [1,0], to: [3,0])
2025-06-21 08:33:54,739 - INFO - Received AI move request for game 7877c62b-47e6-4d16-9be7-adea27b13130: botPoints=300, fen=7Q/4p2p/4Nnk1/p1p5/1p3B2/3P4/PPP2PPP/RN2K2R b KQkq - 0 1
2025-06-21 08:33:54,739 - INFO - Successfully initialized board for game 7877c62b-47e6-4d16-9be7-adea27b13130 with FEN: 7Q/4p2p/4Nnk1/p1p5/1p3B2/3P4/PPP2PPP/RN2K2R b KQkq - 0 1
2025-06-21 08:33:54,739 - INFO - Game 7877c62b-47e6-4d16-9be7-adea27b13130: Bot config for 300 points: {'skill_level': -5, 'think_time': 0.1, 'mistake_probability': 0.4, 'blunder_probability': 0.15, 'random_move_probability': 0.1, 'depth_limit': 3}
2025-06-21 08:33:55,158 - INFO - Bot move for game 7877c62b-47e6-4d16-9be7-adea27b13130 (points: 300): g6f7 (from: [2,6], to: [1,5])
2025-06-21 08:34:04,035 - INFO - Received AI move request for game 7877c62b-47e6-4d16-9be7-adea27b13130: botPoints=300, fen=7Q/4pk1p/4Nn2/p1p5/1p3B2/3P4/PPPN1PPP/R3K2R b KQkq - 0 1
2025-06-21 08:34:04,035 - INFO - Successfully initialized board for game 7877c62b-47e6-4d16-9be7-adea27b13130 with FEN: 7Q/4pk1p/4Nn2/p1p5/1p3B2/3P4/PPPN1PPP/R3K2R b KQkq - 0 1
2025-06-21 08:34:04,035 - INFO - Game 7877c62b-47e6-4d16-9be7-adea27b13130: Bot config for 300 points: {'skill_level': -5, 'think_time': 0.1, 'mistake_probability': 0.4, 'blunder_probability': 0.15, 'random_move_probability': 0.1, 'depth_limit': 3}
2025-06-21 08:34:04,440 - INFO - Bot making mistake
2025-06-21 08:34:04,441 - INFO - Bot move for game 7877c62b-47e6-4d16-9be7-adea27b13130 (points: 300): h7h6 (from: [1,7], to: [2,7])
2025-06-21 08:34:07,185 - INFO - Received AI move request for game 7877c62b-47e6-4d16-9be7-adea27b13130: botPoints=300, fen=8/4pk2/4Nn1Q/p1p5/1p3B2/3P4/PPPN1PPP/R3K2R b KQkq - 0 1
2025-06-21 08:34:07,185 - INFO - Successfully initialized board for game 7877c62b-47e6-4d16-9be7-adea27b13130 with FEN: 8/4pk2/4Nn1Q/p1p5/1p3B2/3P4/PPPN1PPP/R3K2R b KQkq - 0 1
2025-06-21 08:34:07,185 - INFO - Game 7877c62b-47e6-4d16-9be7-adea27b13130: Bot config for 300 points: {'skill_level': -5, 'think_time': 0.1, 'mistake_probability': 0.4, 'blunder_probability': 0.15, 'random_move_probability': 0.1, 'depth_limit': 3}
2025-06-21 08:34:07,583 - INFO - Bot making mistake
2025-06-21 08:34:07,583 - INFO - Bot move for game 7877c62b-47e6-4d16-9be7-adea27b13130 (points: 300): f6e8 (from: [2,5], to: [0,4])
2025-06-21 08:34:16,225 - INFO - Received AI move request for game 7877c62b-47e6-4d16-9be7-adea27b13130: botPoints=300, fen=4n3/4pk2/4N2Q/p1p5/1p2NB2/3P4/PPP2PPP/R3K2R b KQkq - 0 1
2025-06-21 08:34:16,225 - INFO - Successfully initialized board for game 7877c62b-47e6-4d16-9be7-adea27b13130 with FEN: 4n3/4pk2/4N2Q/p1p5/1p2NB2/3P4/PPP2PPP/R3K2R b KQkq - 0 1
2025-06-21 08:34:16,225 - INFO - Game 7877c62b-47e6-4d16-9be7-adea27b13130: Bot config for 300 points: {'skill_level': -5, 'think_time': 0.1, 'mistake_probability': 0.4, 'blunder_probability': 0.15, 'random_move_probability': 0.1, 'depth_limit': 3}
2025-06-21 08:34:16,555 - INFO - Bot move for game 7877c62b-47e6-4d16-9be7-adea27b13130 (points: 300): f7g8 (from: [1,5], to: [0,6])
2025-06-21 08:34:23,737 - INFO - Received AI move request for game 7877c62b-47e6-4d16-9be7-adea27b13130: botPoints=300, fen=4nQk1/4p3/4N3/p1p5/1p2NB2/3P4/PPP2PPP/R3K2R b KQkq - 0 1
2025-06-21 08:34:23,737 - INFO - Successfully initialized board for game 7877c62b-47e6-4d16-9be7-adea27b13130 with FEN: 4nQk1/4p3/4N3/p1p5/1p2NB2/3P4/PPP2PPP/R3K2R b KQkq - 0 1
2025-06-21 08:34:23,737 - INFO - Game 7877c62b-47e6-4d16-9be7-adea27b13130: Bot config for 300 points: {'skill_level': -5, 'think_time': 0.1, 'mistake_probability': 0.4, 'blunder_probability': 0.15, 'random_move_probability': 0.1, 'depth_limit': 3}
2025-06-21 08:34:23,985 - INFO - Bot making blunder
2025-06-21 08:34:23,985 - INFO - Bot move for game 7877c62b-47e6-4d16-9be7-adea27b13130 (points: 300): g8h7 (from: [0,6], to: [1,7])
2025-06-21 08:34:31,104 - INFO - Received AI move request for game 7877c62b-47e6-4d16-9be7-adea27b13130: botPoints=300, fen=4nQ2/4p2k/4N3/p1p3N1/1p3B2/3P4/PPP2PPP/R3K2R b KQkq - 0 1
2025-06-21 08:34:31,104 - INFO - Successfully initialized board for game 7877c62b-47e6-4d16-9be7-adea27b13130 with FEN: 4nQ2/4p2k/4N3/p1p3N1/1p3B2/3P4/PPP2PPP/R3K2R b KQkq - 0 1
2025-06-21 08:34:31,104 - INFO - Game 7877c62b-47e6-4d16-9be7-adea27b13130: Bot config for 300 points: {'skill_level': -5, 'think_time': 0.1, 'mistake_probability': 0.4, 'blunder_probability': 0.15, 'random_move_probability': 0.1, 'depth_limit': 3}
2025-06-21 08:34:31,371 - INFO - Bot move for game 7877c62b-47e6-4d16-9be7-adea27b13130 (points: 300): h7g6 (from: [1,7], to: [2,6])
2025-06-21 08:34:44,338 - INFO - Received AI move request for game 7877c62b-47e6-4d16-9be7-adea27b13130: botPoints=300, fen=4nQ2/4p3/4N1k1/p1p3N1/1p3B1P/3P4/PPP2PP1/R3K2R b KQkq - 0 1
2025-06-21 08:34:44,338 - INFO - Successfully initialized board for game 7877c62b-47e6-4d16-9be7-adea27b13130 with FEN: 4nQ2/4p3/4N1k1/p1p3N1/1p3B1P/3P4/PPP2PP1/R3K2R b KQkq - 0 1
2025-06-21 08:34:44,338 - INFO - Game 7877c62b-47e6-4d16-9be7-adea27b13130: Bot config for 300 points: {'skill_level': -5, 'think_time': 0.1, 'mistake_probability': 0.4, 'blunder_probability': 0.15, 'random_move_probability': 0.1, 'depth_limit': 3}
2025-06-21 08:34:44,634 - INFO - Bot move for game 7877c62b-47e6-4d16-9be7-adea27b13130 (points: 300): e8f6 (from: [0,4], to: [2,5])
2025-06-21 08:34:48,885 - INFO - Received AI move request for game 7877c62b-47e6-4d16-9be7-adea27b13130: botPoints=300, fen=8/4Q3/4Nnk1/p1p3N1/1p3B1P/3P4/PPP2PP1/R3K2R b KQkq - 0 1
2025-06-21 08:34:48,885 - INFO - Successfully initialized board for game 7877c62b-47e6-4d16-9be7-adea27b13130 with FEN: 8/4Q3/4Nnk1/p1p3N1/1p3B1P/3P4/PPP2PP1/R3K2R b KQkq - 0 1
2025-06-21 08:34:48,886 - INFO - Game 7877c62b-47e6-4d16-9be7-adea27b13130: Bot config for 300 points: {'skill_level': -5, 'think_time': 0.1, 'mistake_probability': 0.4, 'blunder_probability': 0.15, 'random_move_probability': 0.1, 'depth_limit': 3}
2025-06-21 08:34:49,213 - INFO - Bot making mistake
2025-06-21 08:34:49,213 - INFO - Bot move for game 7877c62b-47e6-4d16-9be7-adea27b13130 (points: 300): f6g4 (from: [2,5], to: [4,6])
2025-06-21 08:34:54,496 - INFO - Received AI move request for game 7877c62b-47e6-4d16-9be7-adea27b13130: botPoints=300, fen=5Q2/8/4N1k1/p1p3N1/1p3BnP/3P4/PPP2PP1/R3K2R b KQkq - 0 1
2025-06-21 08:34:54,496 - INFO - Successfully initialized board for game 7877c62b-47e6-4d16-9be7-adea27b13130 with FEN: 5Q2/8/4N1k1/p1p3N1/1p3BnP/3P4/PPP2PP1/R3K2R b KQkq - 0 1
2025-06-21 08:34:54,496 - INFO - Game 7877c62b-47e6-4d16-9be7-adea27b13130: Bot config for 300 points: {'skill_level': -5, 'think_time': 0.1, 'mistake_probability': 0.4, 'blunder_probability': 0.15, 'random_move_probability': 0.1, 'depth_limit': 3}
2025-06-21 08:34:54,835 - INFO - Bot making mistake
2025-06-21 08:34:54,835 - INFO - Bot move for game 7877c62b-47e6-4d16-9be7-adea27b13130 (points: 300): g6h5 (from: [2,6], to: [3,7])
2025-06-21 08:35:16,872 - INFO - Received AI move request for game 7877c62b-47e6-4d16-9be7-adea27b13130: botPoints=300, fen=5Q2/8/4N3/p1p3Nk/1p3BnP/3P1P2/PPP3P1/R3K2R b KQkq - 0 1
2025-06-21 08:35:16,873 - INFO - Successfully initialized board for game 7877c62b-47e6-4d16-9be7-adea27b13130 with FEN: 5Q2/8/4N3/p1p3Nk/1p3BnP/3P1P2/PPP3P1/R3K2R b KQkq - 0 1
2025-06-21 08:35:16,873 - INFO - Game 7877c62b-47e6-4d16-9be7-adea27b13130: Bot config for 300 points: {'skill_level': -5, 'think_time': 0.1, 'mistake_probability': 0.4, 'blunder_probability': 0.15, 'random_move_probability': 0.1, 'depth_limit': 3}
2025-06-21 08:35:17,161 - INFO - Bot move for game 7877c62b-47e6-4d16-9be7-adea27b13130 (points: 300): c5c4 (from: [3,2], to: [4,2])
2025-06-21 08:35:19,045 - INFO - Received AI move request for game 7877c62b-47e6-4d16-9be7-adea27b13130: botPoints=300, fen=5Q2/8/4N3/p5Nk/1pp2BPP/3P4/PPP3P1/R3K2R b KQkq - 0 1
2025-06-21 08:35:19,046 - INFO - Successfully initialized board for game 7877c62b-47e6-4d16-9be7-adea27b13130 with FEN: 5Q2/8/4N3/p5Nk/1pp2BPP/3P4/PPP3P1/R3K2R b KQkq - 0 1
2025-06-21 08:35:19,046 - INFO - Game 7877c62b-47e6-4d16-9be7-adea27b13130: Bot config for 300 points: {'skill_level': -5, 'think_time': 0.1, 'mistake_probability': 0.4, 'blunder_probability': 0.15, 'random_move_probability': 0.1, 'depth_limit': 3}
2025-06-21 08:35:19,292 - INFO - Bot move for game 7877c62b-47e6-4d16-9be7-adea27b13130 (points: 300): h5g6 (from: [3,7], to: [2,6])
2025-06-21 08:47:15,642 - INFO - Received AI move request for game 200cc045-7ad3-4744-ba87-42e73dcaae27: botPoints=300, fen=rnbqkbnr/pppppppp/8/8/8/5N2/PPPPPPPP/RNBQKB1R b KQkq - 0 1
2025-06-21 08:47:15,642 - INFO - Successfully initialized board for game 200cc045-7ad3-4744-ba87-42e73dcaae27 with FEN: rnbqkbnr/pppppppp/8/8/8/5N2/PPPPPPPP/RNBQKB1R b KQkq - 0 1
2025-06-21 08:47:15,642 - INFO - Game 200cc045-7ad3-4744-ba87-42e73dcaae27: Bot config for 300 points: {'skill_level': -5, 'think_time': 0.1, 'mistake_probability': 0.4, 'blunder_probability': 0.15, 'random_move_probability': 0.1, 'depth_limit': 3}
2025-06-21 08:47:16,756 - INFO - Bot move for game 200cc045-7ad3-4744-ba87-42e73dcaae27 (points: 300): c7c5 (from: [1,2], to: [3,2])
2025-06-21 08:47:19,132 - INFO - Received AI move request for game 200cc045-7ad3-4744-ba87-42e73dcaae27: botPoints=300, fen=rnbqkbnr/pp1ppppp/8/2p1N3/8/8/PPPPPPPP/RNBQKB1R b KQkq - 0 1
2025-06-21 08:47:19,133 - INFO - Successfully initialized board for game 200cc045-7ad3-4744-ba87-42e73dcaae27 with FEN: rnbqkbnr/pp1ppppp/8/2p1N3/8/8/PPPPPPPP/RNBQKB1R b KQkq - 0 1
2025-06-21 08:47:19,133 - INFO - Game 200cc045-7ad3-4744-ba87-42e73dcaae27: Bot config for 300 points: {'skill_level': -5, 'think_time': 0.1, 'mistake_probability': 0.4, 'blunder_probability': 0.15, 'random_move_probability': 0.1, 'depth_limit': 3}
2025-06-21 08:47:20,812 - INFO - Bot move for game 200cc045-7ad3-4744-ba87-42e73dcaae27 (points: 300): g8f6 (from: [0,6], to: [2,5])
2025-06-21 08:47:23,416 - INFO - Received AI move request for game 200cc045-7ad3-4744-ba87-42e73dcaae27: botPoints=300, fen=rnbqkb1r/pp1ppNpp/5n2/2p5/8/8/PPPPPPPP/RNBQKB1R b KQkq - 0 1
2025-06-21 08:47:23,416 - INFO - Successfully initialized board for game 200cc045-7ad3-4744-ba87-42e73dcaae27 with FEN: rnbqkb1r/pp1ppNpp/5n2/2p5/8/8/PPPPPPPP/RNBQKB1R b KQkq - 0 1
2025-06-21 08:47:23,416 - INFO - Game 200cc045-7ad3-4744-ba87-42e73dcaae27: Bot config for 300 points: {'skill_level': -5, 'think_time': 0.1, 'mistake_probability': 0.4, 'blunder_probability': 0.15, 'random_move_probability': 0.1, 'depth_limit': 3}
2025-06-21 08:47:23,982 - INFO - Bot making mistake
2025-06-21 08:47:23,983 - INFO - Bot move for game 200cc045-7ad3-4744-ba87-42e73dcaae27 (points: 300): a7a6 (from: [1,0], to: [2,0])
2025-06-21 08:47:25,849 - INFO - Received AI move request for game 200cc045-7ad3-4744-ba87-42e73dcaae27: botPoints=300, fen=rnbNkb1r/1p1pp1pp/p4n2/2p5/8/8/PPPPPPPP/RNBQKB1R b KQkq - 0 1
2025-06-21 08:47:25,850 - INFO - Successfully initialized board for game 200cc045-7ad3-4744-ba87-42e73dcaae27 with FEN: rnbNkb1r/1p1pp1pp/p4n2/2p5/8/8/PPPPPPPP/RNBQKB1R b KQkq - 0 1
2025-06-21 08:47:25,850 - INFO - Game 200cc045-7ad3-4744-ba87-42e73dcaae27: Bot config for 300 points: {'skill_level': -5, 'think_time': 0.1, 'mistake_probability': 0.4, 'blunder_probability': 0.15, 'random_move_probability': 0.1, 'depth_limit': 3}
2025-06-21 08:47:26,284 - INFO - Bot making blunder
2025-06-21 08:47:26,284 - INFO - Bot move for game 200cc045-7ad3-4744-ba87-42e73dcaae27 (points: 300): b8c6 (from: [0,1], to: [2,2])
2025-06-21 08:47:31,440 - INFO - Received AI move request for game 200cc045-7ad3-4744-ba87-42e73dcaae27: botPoints=300, fen=r1bNkb1r/1p1pp1pp/p1n2n2/2p5/4P3/8/PPPP1PPP/RNBQKB1R b KQkq - 0 1
2025-06-21 08:47:31,440 - INFO - Successfully initialized board for game 200cc045-7ad3-4744-ba87-42e73dcaae27 with FEN: r1bNkb1r/1p1pp1pp/p1n2n2/2p5/4P3/8/PPPP1PPP/RNBQKB1R b KQkq - 0 1
2025-06-21 08:47:31,440 - INFO - Game 200cc045-7ad3-4744-ba87-42e73dcaae27: Bot config for 300 points: {'skill_level': -5, 'think_time': 0.1, 'mistake_probability': 0.4, 'blunder_probability': 0.15, 'random_move_probability': 0.1, 'depth_limit': 3}
2025-06-21 08:47:31,965 - INFO - Bot making mistake
2025-06-21 08:47:31,966 - INFO - Bot move for game 200cc045-7ad3-4744-ba87-42e73dcaae27 (points: 300): f6g4 (from: [2,5], to: [4,6])
2025-06-21 08:47:37,526 - INFO - Received AI move request for game 200cc045-7ad3-4744-ba87-42e73dcaae27: botPoints=300, fen=r1bNkb1r/1p1pp1pp/p1n5/2p5/4P1n1/5P2/PPPP2PP/RNBQKB1R b KQkq - 0 1
2025-06-21 08:47:37,526 - INFO - Successfully initialized board for game 200cc045-7ad3-4744-ba87-42e73dcaae27 with FEN: r1bNkb1r/1p1pp1pp/p1n5/2p5/4P1n1/5P2/PPPP2PP/RNBQKB1R b KQkq - 0 1
2025-06-21 08:47:37,527 - INFO - Game 200cc045-7ad3-4744-ba87-42e73dcaae27: Bot config for 300 points: {'skill_level': -5, 'think_time': 0.1, 'mistake_probability': 0.4, 'blunder_probability': 0.15, 'random_move_probability': 0.1, 'depth_limit': 3}
2025-06-21 08:47:37,980 - INFO - Bot move for game 200cc045-7ad3-4744-ba87-42e73dcaae27 (points: 300): g7g6 (from: [1,6], to: [2,6])
2025-06-21 08:47:39,644 - INFO - Received AI move request for game 200cc045-7ad3-4744-ba87-42e73dcaae27: botPoints=300, fen=r1bNkb1r/1p1pp2p/p1n3p1/2p5/4P1P1/8/PPPP2PP/RNBQKB1R b KQkq - 0 1
2025-06-21 08:47:39,645 - INFO - Successfully initialized board for game 200cc045-7ad3-4744-ba87-42e73dcaae27 with FEN: r1bNkb1r/1p1pp2p/p1n3p1/2p5/4P1P1/8/PPPP2PP/RNBQKB1R b KQkq - 0 1
2025-06-21 08:47:39,645 - INFO - Game 200cc045-7ad3-4744-ba87-42e73dcaae27: Bot config for 300 points: {'skill_level': -5, 'think_time': 0.1, 'mistake_probability': 0.4, 'blunder_probability': 0.15, 'random_move_probability': 0.1, 'depth_limit': 3}
2025-06-21 08:47:40,083 - INFO - Bot making mistake
2025-06-21 08:47:40,083 - INFO - Bot move for game 200cc045-7ad3-4744-ba87-42e73dcaae27 (points: 300): h7h6 (from: [1,7], to: [2,7])
2025-06-21 08:47:47,360 - INFO - Received AI move request for game 200cc045-7ad3-4744-ba87-42e73dcaae27: botPoints=300, fen=r1b1kb1r/1p1pp3/p1N3pp/2p5/4P1P1/8/PPPP2PP/RNBQKB1R b KQkq - 0 1
2025-06-21 08:47:47,360 - INFO - Successfully initialized board for game 200cc045-7ad3-4744-ba87-42e73dcaae27 with FEN: r1b1kb1r/1p1pp3/p1N3pp/2p5/4P1P1/8/PPPP2PP/RNBQKB1R b KQkq - 0 1
2025-06-21 08:47:47,360 - INFO - Game 200cc045-7ad3-4744-ba87-42e73dcaae27: Bot config for 300 points: {'skill_level': -5, 'think_time': 0.1, 'mistake_probability': 0.4, 'blunder_probability': 0.15, 'random_move_probability': 0.1, 'depth_limit': 3}
2025-06-21 08:47:47,749 - INFO - Bot making mistake
2025-06-21 08:47:47,749 - INFO - Bot move for game 200cc045-7ad3-4744-ba87-42e73dcaae27 (points: 300): h8h7 (from: [0,7], to: [1,7])
2025-06-21 08:47:50,958 - INFO - Received AI move request for game 200cc045-7ad3-4744-ba87-42e73dcaae27: botPoints=300, fen=r1b1kb2/1p1pN2r/p5pp/2p5/4P1P1/8/PPPP2PP/RNBQKB1R b KQkq - 0 1
2025-06-21 08:47:50,958 - INFO - Successfully initialized board for game 200cc045-7ad3-4744-ba87-42e73dcaae27 with FEN: r1b1kb2/1p1pN2r/p5pp/2p5/4P1P1/8/PPPP2PP/RNBQKB1R b KQkq - 0 1
2025-06-21 08:47:50,958 - INFO - Game 200cc045-7ad3-4744-ba87-42e73dcaae27: Bot config for 300 points: {'skill_level': -5, 'think_time': 0.1, 'mistake_probability': 0.4, 'blunder_probability': 0.15, 'random_move_probability': 0.1, 'depth_limit': 3}
2025-06-21 08:47:51,340 - INFO - Bot making mistake
2025-06-21 08:47:51,340 - INFO - Bot move for game 200cc045-7ad3-4744-ba87-42e73dcaae27 (points: 300): e8f7 (from: [0,4], to: [1,5])
2025-06-21 08:47:53,448 - INFO - Received AI move request for game 200cc045-7ad3-4744-ba87-42e73dcaae27: botPoints=300, fen=r1N2b2/1p1p1k1r/p5pp/2p5/4P1P1/8/PPPP2PP/RNBQKB1R b KQkq - 0 1
2025-06-21 08:47:53,449 - INFO - Successfully initialized board for game 200cc045-7ad3-4744-ba87-42e73dcaae27 with FEN: r1N2b2/1p1p1k1r/p5pp/2p5/4P1P1/8/PPPP2PP/RNBQKB1R b KQkq - 0 1
2025-06-21 08:47:53,449 - INFO - Game 200cc045-7ad3-4744-ba87-42e73dcaae27: Bot config for 300 points: {'skill_level': -5, 'think_time': 0.1, 'mistake_probability': 0.4, 'blunder_probability': 0.15, 'random_move_probability': 0.1, 'depth_limit': 3}
2025-06-21 08:47:53,845 - INFO - Bot move for game 200cc045-7ad3-4744-ba87-42e73dcaae27 (points: 300): f7g8 (from: [1,5], to: [0,6])
2025-06-21 08:47:57,948 - INFO - Received AI move request for game 200cc045-7ad3-4744-ba87-42e73dcaae27: botPoints=300, fen=r4bk1/1p1p3r/p2N2pp/2p5/4P1P1/8/PPPP2PP/RNBQKB1R b KQkq - 0 1
2025-06-21 08:47:57,948 - INFO - Successfully initialized board for game 200cc045-7ad3-4744-ba87-42e73dcaae27 with FEN: r4bk1/1p1p3r/p2N2pp/2p5/4P1P1/8/PPPP2PP/RNBQKB1R b KQkq - 0 1
2025-06-21 08:47:57,948 - INFO - Game 200cc045-7ad3-4744-ba87-42e73dcaae27: Bot config for 300 points: {'skill_level': -5, 'think_time': 0.1, 'mistake_probability': 0.4, 'blunder_probability': 0.15, 'random_move_probability': 0.1, 'depth_limit': 3}
2025-06-21 08:47:58,353 - INFO - Bot move for game 200cc045-7ad3-4744-ba87-42e73dcaae27 (points: 300): b7b5 (from: [1,1], to: [3,1])
2025-06-21 08:48:00,229 - INFO - Received AI move request for game 200cc045-7ad3-4744-ba87-42e73dcaae27: botPoints=300, fen=r4bk1/3p3r/p5pp/1Np5/4P1P1/8/PPPP2PP/RNBQKB1R b KQkq - 0 1
2025-06-21 08:48:00,230 - INFO - Successfully initialized board for game 200cc045-7ad3-4744-ba87-42e73dcaae27 with FEN: r4bk1/3p3r/p5pp/1Np5/4P1P1/8/PPPP2PP/RNBQKB1R b KQkq - 0 1
2025-06-21 08:48:00,230 - INFO - Game 200cc045-7ad3-4744-ba87-42e73dcaae27: Bot config for 300 points: {'skill_level': -5, 'think_time': 0.1, 'mistake_probability': 0.4, 'blunder_probability': 0.15, 'random_move_probability': 0.1, 'depth_limit': 3}
2025-06-21 08:48:00,748 - INFO - Bot making mistake
2025-06-21 08:48:00,748 - INFO - Bot move for game 200cc045-7ad3-4744-ba87-42e73dcaae27 (points: 300): f8d6 (from: [0,5], to: [2,3])
2025-06-21 08:48:03,944 - INFO - Received AI move request for game 200cc045-7ad3-4744-ba87-42e73dcaae27: botPoints=300, fen=r5k1/3p3r/p2N2pp/2p5/4P1P1/8/PPPP2PP/RNBQKB1R b KQkq - 0 1
2025-06-21 08:48:03,944 - INFO - Successfully initialized board for game 200cc045-7ad3-4744-ba87-42e73dcaae27 with FEN: r5k1/3p3r/p2N2pp/2p5/4P1P1/8/PPPP2PP/RNBQKB1R b KQkq - 0 1
2025-06-21 08:48:03,944 - INFO - Game 200cc045-7ad3-4744-ba87-42e73dcaae27: Bot config for 300 points: {'skill_level': -5, 'think_time': 0.1, 'mistake_probability': 0.4, 'blunder_probability': 0.15, 'random_move_probability': 0.1, 'depth_limit': 3}
2025-06-21 08:48:04,346 - INFO - Bot making blunder
2025-06-21 08:48:04,346 - INFO - Bot move for game 200cc045-7ad3-4744-ba87-42e73dcaae27 (points: 300): g8h8 (from: [0,6], to: [0,7])
2025-06-21 08:48:07,456 - INFO - Received AI move request for game 200cc045-7ad3-4744-ba87-42e73dcaae27: botPoints=300, fen=r6k/3p3r/p2N2pp/2p5/4P1P1/5Q2/PPPP2PP/RNB1KB1R b KQkq - 0 1
2025-06-21 08:48:07,457 - INFO - Successfully initialized board for game 200cc045-7ad3-4744-ba87-42e73dcaae27 with FEN: r6k/3p3r/p2N2pp/2p5/4P1P1/5Q2/PPPP2PP/RNB1KB1R b KQkq - 0 1
2025-06-21 08:48:07,457 - INFO - Game 200cc045-7ad3-4744-ba87-42e73dcaae27: Bot config for 300 points: {'skill_level': -5, 'think_time': 0.1, 'mistake_probability': 0.4, 'blunder_probability': 0.15, 'random_move_probability': 0.1, 'depth_limit': 3}
2025-06-21 08:48:07,691 - INFO - Bot making random move
2025-06-21 08:48:07,691 - INFO - Bot move for game 200cc045-7ad3-4744-ba87-42e73dcaae27 (points: 300): a8d8 (from: [0,0], to: [0,3])
2025-06-21 08:48:13,156 - INFO - Received AI move request for game 200cc045-7ad3-4744-ba87-42e73dcaae27: botPoints=300, fen=3r3k/3p3r/p2N1Qpp/2p5/4P1P1/8/PPPP2PP/RNB1KB1R b KQkq - 0 1
2025-06-21 08:48:13,156 - INFO - Successfully initialized board for game 200cc045-7ad3-4744-ba87-42e73dcaae27 with FEN: 3r3k/3p3r/p2N1Qpp/2p5/4P1P1/8/PPPP2PP/RNB1KB1R b KQkq - 0 1
2025-06-21 08:48:13,156 - INFO - Game 200cc045-7ad3-4744-ba87-42e73dcaae27: Bot config for 300 points: {'skill_level': -5, 'think_time': 0.1, 'mistake_probability': 0.4, 'blunder_probability': 0.15, 'random_move_probability': 0.1, 'depth_limit': 3}
2025-06-21 08:48:13,411 - INFO - Bot making mistake
2025-06-21 08:48:13,411 - INFO - Bot move for game 200cc045-7ad3-4744-ba87-42e73dcaae27 (points: 300): h8g8 (from: [0,7], to: [0,6])
2025-06-21 08:48:17,127 - INFO - Received AI move request for game 200cc045-7ad3-4744-ba87-42e73dcaae27: botPoints=300, fen=3r2k1/3p1N1r/p4Qpp/2p5/4P1P1/8/PPPP2PP/RNB1KB1R b KQkq - 0 1
2025-06-21 08:48:17,127 - INFO - Successfully initialized board for game 200cc045-7ad3-4744-ba87-42e73dcaae27 with FEN: 3r2k1/3p1N1r/p4Qpp/2p5/4P1P1/8/PPPP2PP/RNB1KB1R b KQkq - 0 1
2025-06-21 08:48:17,127 - INFO - Game 200cc045-7ad3-4744-ba87-42e73dcaae27: Bot config for 300 points: {'skill_level': -5, 'think_time': 0.1, 'mistake_probability': 0.4, 'blunder_probability': 0.15, 'random_move_probability': 0.1, 'depth_limit': 3}
2025-06-21 08:48:17,535 - INFO - Bot move for game 200cc045-7ad3-4744-ba87-42e73dcaae27 (points: 300): c5c4 (from: [3,2], to: [4,2])
2025-06-21 08:48:18,881 - INFO - Received AI move request for game 200cc045-7ad3-4744-ba87-42e73dcaae27: botPoints=300, fen=3N2k1/3p3r/p4Qpp/8/2p1P1P1/8/PPPP2PP/RNB1KB1R b KQkq - 0 1
2025-06-21 08:48:18,881 - INFO - Successfully initialized board for game 200cc045-7ad3-4744-ba87-42e73dcaae27 with FEN: 3N2k1/3p3r/p4Qpp/8/2p1P1P1/8/PPPP2PP/RNB1KB1R b KQkq - 0 1
2025-06-21 08:48:18,882 - INFO - Game 200cc045-7ad3-4744-ba87-42e73dcaae27: Bot config for 300 points: {'skill_level': -5, 'think_time': 0.1, 'mistake_probability': 0.4, 'blunder_probability': 0.15, 'random_move_probability': 0.1, 'depth_limit': 3}
2025-06-21 08:48:19,215 - INFO - Bot move for game 200cc045-7ad3-4744-ba87-42e73dcaae27 (points: 300): d7d5 (from: [1,3], to: [3,3])
2025-06-21 08:48:25,517 - INFO - Received AI move request for game 200cc045-7ad3-4744-ba87-42e73dcaae27: botPoints=300, fen=3N2k1/7r/p4Qpp/3p4/2B1P1P1/8/PPPP2PP/RNB1K2R b KQkq - 0 1
2025-06-21 08:48:25,517 - INFO - Successfully initialized board for game 200cc045-7ad3-4744-ba87-42e73dcaae27 with FEN: 3N2k1/7r/p4Qpp/3p4/2B1P1P1/8/PPPP2PP/RNB1K2R b KQkq - 0 1
2025-06-21 08:48:25,517 - INFO - Game 200cc045-7ad3-4744-ba87-42e73dcaae27: Bot config for 300 points: {'skill_level': -5, 'think_time': 0.1, 'mistake_probability': 0.4, 'blunder_probability': 0.15, 'random_move_probability': 0.1, 'depth_limit': 3}
2025-06-21 08:48:25,845 - INFO - Bot making blunder
2025-06-21 08:48:25,845 - INFO - Bot move for game 200cc045-7ad3-4744-ba87-42e73dcaae27 (points: 300): h7e7 (from: [1,7], to: [1,4])
2025-06-21 08:48:28,293 - INFO - Received AI move request for game 200cc045-7ad3-4744-ba87-42e73dcaae27: botPoints=300, fen=3N2k1/4Q3/p5pp/3p4/2B1P1P1/8/PPPP2PP/RNB1K2R b KQkq - 0 1
2025-06-21 08:48:28,294 - INFO - Successfully initialized board for game 200cc045-7ad3-4744-ba87-42e73dcaae27 with FEN: 3N2k1/4Q3/p5pp/3p4/2B1P1P1/8/PPPP2PP/RNB1K2R b KQkq - 0 1
2025-06-21 08:48:28,294 - INFO - Game 200cc045-7ad3-4744-ba87-42e73dcaae27: Bot config for 300 points: {'skill_level': -5, 'think_time': 0.1, 'mistake_probability': 0.4, 'blunder_probability': 0.15, 'random_move_probability': 0.1, 'depth_limit': 3}
2025-06-21 08:48:28,559 - INFO - Bot making mistake
2025-06-21 08:48:28,559 - INFO - Bot move for game 200cc045-7ad3-4744-ba87-42e73dcaae27 (points: 300): a6a5 (from: [2,0], to: [3,0])
2025-06-21 08:48:31,172 - INFO - Received AI move request for game 200cc045-7ad3-4744-ba87-42e73dcaae27: botPoints=300, fen=3N2k1/8/5Qpp/p2p4/2B1P1P1/8/PPPP2PP/RNB1K2R b KQkq - 0 1
2025-06-21 08:48:31,173 - INFO - Successfully initialized board for game 200cc045-7ad3-4744-ba87-42e73dcaae27 with FEN: 3N2k1/8/5Qpp/p2p4/2B1P1P1/8/PPPP2PP/RNB1K2R b KQkq - 0 1
2025-06-21 08:48:31,173 - INFO - Game 200cc045-7ad3-4744-ba87-42e73dcaae27: Bot config for 300 points: {'skill_level': -5, 'think_time': 0.1, 'mistake_probability': 0.4, 'blunder_probability': 0.15, 'random_move_probability': 0.1, 'depth_limit': 3}
2025-06-21 08:48:31,438 - INFO - Bot move for game 200cc045-7ad3-4744-ba87-42e73dcaae27 (points: 300): d5c4 (from: [3,3], to: [4,2])
2025-06-21 08:48:33,784 - INFO - Received AI move request for game 200cc045-7ad3-4744-ba87-42e73dcaae27: botPoints=300, fen=3N2k1/8/5Qpp/p7/2p1P1P1/8/PPPP2PP/RNB2RK1 b KQkq - 0 1
2025-06-21 08:48:33,784 - INFO - Successfully initialized board for game 200cc045-7ad3-4744-ba87-42e73dcaae27 with FEN: 3N2k1/8/5Qpp/p7/2p1P1P1/8/PPPP2PP/RNB2RK1 b KQkq - 0 1
2025-06-21 08:48:33,785 - INFO - Game 200cc045-7ad3-4744-ba87-42e73dcaae27: Bot config for 300 points: {'skill_level': -5, 'think_time': 0.1, 'mistake_probability': 0.4, 'blunder_probability': 0.15, 'random_move_probability': 0.1, 'depth_limit': 3}
2025-06-21 08:48:34,047 - INFO - Bot move for game 200cc045-7ad3-4744-ba87-42e73dcaae27 (points: 300): g6g5 (from: [2,6], to: [3,6])
2025-06-21 08:48:36,253 - INFO - Received AI move request for game 200cc045-7ad3-4744-ba87-42e73dcaae27: botPoints=300, fen=3N2k1/8/5Q1p/p5p1/2p1P1P1/8/PPPP2PP/RNB1R1K1 b KQkq - 0 1
2025-06-21 08:48:36,253 - INFO - Successfully initialized board for game 200cc045-7ad3-4744-ba87-42e73dcaae27 with FEN: 3N2k1/8/5Q1p/p5p1/2p1P1P1/8/PPPP2PP/RNB1R1K1 b KQkq - 0 1
2025-06-21 08:48:36,253 - INFO - Game 200cc045-7ad3-4744-ba87-42e73dcaae27: Bot config for 300 points: {'skill_level': -5, 'think_time': 0.1, 'mistake_probability': 0.4, 'blunder_probability': 0.15, 'random_move_probability': 0.1, 'depth_limit': 3}
2025-06-21 08:48:36,515 - INFO - Bot move for game 200cc045-7ad3-4744-ba87-42e73dcaae27 (points: 300): g8h7 (from: [0,6], to: [1,7])
2025-06-21 08:48:51,327 - INFO - Received AI move request for game 200cc045-7ad3-4744-ba87-42e73dcaae27: botPoints=300, fen=3N4/7k/5Q1p/p3P1p1/2p3P1/8/PPPP2PP/RNB1R1K1 b KQkq - 0 1
2025-06-21 08:48:51,328 - INFO - Successfully initialized board for game 200cc045-7ad3-4744-ba87-42e73dcaae27 with FEN: 3N4/7k/5Q1p/p3P1p1/2p3P1/8/PPPP2PP/RNB1R1K1 b KQkq - 0 1
2025-06-21 08:48:51,328 - INFO - Game 200cc045-7ad3-4744-ba87-42e73dcaae27: Bot config for 300 points: {'skill_level': -5, 'think_time': 0.1, 'mistake_probability': 0.4, 'blunder_probability': 0.15, 'random_move_probability': 0.1, 'depth_limit': 3}
2025-06-21 08:48:51,595 - INFO - Bot making mistake
2025-06-21 08:48:51,595 - INFO - Bot move for game 200cc045-7ad3-4744-ba87-42e73dcaae27 (points: 300): a5a4 (from: [3,0], to: [4,0])
2025-06-21 08:48:52,603 - INFO - Received AI move request for game 200cc045-7ad3-4744-ba87-42e73dcaae27: botPoints=300, fen=3N4/7k/4PQ1p/6p1/p1p3P1/8/PPPP2PP/RNB1R1K1 b KQkq - 0 1
2025-06-21 08:48:52,604 - INFO - Successfully initialized board for game 200cc045-7ad3-4744-ba87-42e73dcaae27 with FEN: 3N4/7k/4PQ1p/6p1/p1p3P1/8/PPPP2PP/RNB1R1K1 b KQkq - 0 1
2025-06-21 08:48:52,605 - INFO - Game 200cc045-7ad3-4744-ba87-42e73dcaae27: Bot config for 300 points: {'skill_level': -5, 'think_time': 0.1, 'mistake_probability': 0.4, 'blunder_probability': 0.15, 'random_move_probability': 0.1, 'depth_limit': 3}
2025-06-21 08:48:52,870 - INFO - Bot move for game 200cc045-7ad3-4744-ba87-42e73dcaae27 (points: 300): c4c3 (from: [4,2], to: [5,2])
2025-06-21 08:48:53,692 - INFO - Received AI move request for game 200cc045-7ad3-4744-ba87-42e73dcaae27: botPoints=300, fen=3N4/4P2k/5Q1p/6p1/p5P1/2p5/PPPP2PP/RNB1R1K1 b KQkq - 0 1
2025-06-21 08:48:53,692 - INFO - Successfully initialized board for game 200cc045-7ad3-4744-ba87-42e73dcaae27 with FEN: 3N4/4P2k/5Q1p/6p1/p5P1/2p5/PPPP2PP/RNB1R1K1 b KQkq - 0 1
2025-06-21 08:48:53,693 - INFO - Game 200cc045-7ad3-4744-ba87-42e73dcaae27: Bot config for 300 points: {'skill_level': -5, 'think_time': 0.1, 'mistake_probability': 0.4, 'blunder_probability': 0.15, 'random_move_probability': 0.1, 'depth_limit': 3}
2025-06-21 08:48:53,931 - INFO - Bot making random move
2025-06-21 08:48:53,932 - INFO - Bot move for game 200cc045-7ad3-4744-ba87-42e73dcaae27 (points: 300): c3d2 (from: [5,2], to: [6,3])
2025-06-21 08:48:55,781 - INFO - Received AI move request for game 200cc045-7ad3-4744-ba87-42e73dcaae27: botPoints=300, fen=3NQ3/7k/5Q1p/6p1/p5P1/8/PPPp2PP/RNB1R1K1 b KQkq - 0 1
2025-06-21 08:48:55,781 - INFO - Successfully initialized board for game 200cc045-7ad3-4744-ba87-42e73dcaae27 with FEN: 3NQ3/7k/5Q1p/6p1/p5P1/8/PPPp2PP/RNB1R1K1 b KQkq - 0 1
2025-06-21 08:48:55,781 - INFO - Game 200cc045-7ad3-4744-ba87-42e73dcaae27: Bot config for 300 points: {'skill_level': -5, 'think_time': 0.1, 'mistake_probability': 0.4, 'blunder_probability': 0.15, 'random_move_probability': 0.1, 'depth_limit': 3}
2025-06-21 08:48:56,097 - INFO - Bot move for game 200cc045-7ad3-4744-ba87-42e73dcaae27 (points: 300): d2e1r (from: [6,3], to: [7,4])
2025-06-21 08:49:04,085 - INFO - Received AI move request for game 200cc045-7ad3-4744-ba87-42e73dcaae27: botPoints=300, fen=3N4/7k/5Q1p/6p1/p5P1/8/PPP3PP/RNB1Q1K1 b KQkq - 0 1
2025-06-21 08:49:04,085 - INFO - Successfully initialized board for game 200cc045-7ad3-4744-ba87-42e73dcaae27 with FEN: 3N4/7k/5Q1p/6p1/p5P1/8/PPP3PP/RNB1Q1K1 b KQkq - 0 1
2025-06-21 08:49:04,085 - INFO - Game 200cc045-7ad3-4744-ba87-42e73dcaae27: Bot config for 300 points: {'skill_level': -5, 'think_time': 0.1, 'mistake_probability': 0.4, 'blunder_probability': 0.15, 'random_move_probability': 0.1, 'depth_limit': 3}
2025-06-21 08:49:04,352 - INFO - Bot move for game 200cc045-7ad3-4744-ba87-42e73dcaae27 (points: 300): h6h5 (from: [2,7], to: [3,7])
2025-06-21 08:49:06,863 - INFO - Received AI move request for game 200cc045-7ad3-4744-ba87-42e73dcaae27: botPoints=300, fen=3NQ3/7k/5Q2/6pp/p5P1/8/PPP3PP/RNB3K1 b KQkq - 0 1
2025-06-21 08:49:06,863 - INFO - Successfully initialized board for game 200cc045-7ad3-4744-ba87-42e73dcaae27 with FEN: 3NQ3/7k/5Q2/6pp/p5P1/8/PPP3PP/RNB3K1 b KQkq - 0 1
2025-06-21 08:49:06,863 - INFO - Game 200cc045-7ad3-4744-ba87-42e73dcaae27: Bot config for 300 points: {'skill_level': -5, 'think_time': 0.1, 'mistake_probability': 0.4, 'blunder_probability': 0.15, 'random_move_probability': 0.1, 'depth_limit': 3}
2025-06-21 08:49:07,119 - INFO - Bot move for game 200cc045-7ad3-4744-ba87-42e73dcaae27 (points: 300): h5g4 (from: [3,7], to: [4,6])
2025-06-21 08:49:32,991 - INFO - Received AI move request for game 66b2e5f2-98b1-40be-aa27-0189734e2460: botPoints=300, fen=rnbqkbnr/pppppppp/8/8/8/5N2/PPPPPPPP/RNBQKB1R b KQkq - 0 1
2025-06-21 08:49:32,991 - INFO - Successfully initialized board for game 66b2e5f2-98b1-40be-aa27-0189734e2460 with FEN: rnbqkbnr/pppppppp/8/8/8/5N2/PPPPPPPP/RNBQKB1R b KQkq - 0 1
2025-06-21 08:49:32,991 - INFO - Game 66b2e5f2-98b1-40be-aa27-0189734e2460: Bot config for 300 points: {'skill_level': -5, 'think_time': 0.1, 'mistake_probability': 0.4, 'blunder_probability': 0.15, 'random_move_probability': 0.1, 'depth_limit': 3}
2025-06-21 08:49:34,098 - INFO - Bot making mistake
2025-06-21 08:49:34,098 - INFO - Bot move for game 66b2e5f2-98b1-40be-aa27-0189734e2460 (points: 300): b8a6 (from: [0,1], to: [2,0])
2025-06-21 08:49:37,055 - INFO - Received AI move request for game 66b2e5f2-98b1-40be-aa27-0189734e2460: botPoints=300, fen=r1bqkbnr/pppppppp/n7/8/8/2N2N2/PPPPPPPP/R1BQKB1R b KQkq - 0 1
2025-06-21 08:49:37,055 - INFO - Successfully initialized board for game 66b2e5f2-98b1-40be-aa27-0189734e2460 with FEN: r1bqkbnr/pppppppp/n7/8/8/2N2N2/PPPPPPPP/R1BQKB1R b KQkq - 0 1
2025-06-21 08:49:37,055 - INFO - Game 66b2e5f2-98b1-40be-aa27-0189734e2460: Bot config for 300 points: {'skill_level': -5, 'think_time': 0.1, 'mistake_probability': 0.4, 'blunder_probability': 0.15, 'random_move_probability': 0.1, 'depth_limit': 3}
2025-06-21 08:49:38,183 - INFO - Bot making mistake
2025-06-21 08:49:38,183 - INFO - Bot move for game 66b2e5f2-98b1-40be-aa27-0189734e2460 (points: 300): g7g5 (from: [1,6], to: [3,6])
2025-06-21 08:49:39,762 - INFO - Received AI move request for game 66b2e5f2-98b1-40be-aa27-0189734e2460: botPoints=300, fen=r1bqkbnr/pppppp1p/n7/6N1/8/2N5/PPPPPPPP/R1BQKB1R b KQkq - 0 1
2025-06-21 08:49:39,763 - INFO - Successfully initialized board for game 66b2e5f2-98b1-40be-aa27-0189734e2460 with FEN: r1bqkbnr/pppppp1p/n7/6N1/8/2N5/PPPPPPPP/R1BQKB1R b KQkq - 0 1
2025-06-21 08:49:39,763 - INFO - Game 66b2e5f2-98b1-40be-aa27-0189734e2460: Bot config for 300 points: {'skill_level': -5, 'think_time': 0.1, 'mistake_probability': 0.4, 'blunder_probability': 0.15, 'random_move_probability': 0.1, 'depth_limit': 3}
2025-06-21 08:49:39,999 - INFO - Bot making random move
2025-06-21 08:49:39,999 - INFO - Bot move for game 66b2e5f2-98b1-40be-aa27-0189734e2460 (points: 300): h7h6 (from: [1,7], to: [2,7])
2025-06-21 08:49:41,568 - INFO - Received AI move request for game 66b2e5f2-98b1-40be-aa27-0189734e2460: botPoints=300, fen=r1bqkbnr/pppppN2/n6p/8/8/2N5/PPPPPPPP/R1BQKB1R b KQkq - 0 1
2025-06-21 08:49:41,568 - INFO - Successfully initialized board for game 66b2e5f2-98b1-40be-aa27-0189734e2460 with FEN: r1bqkbnr/pppppN2/n6p/8/8/2N5/PPPPPPPP/R1BQKB1R b KQkq - 0 1
2025-06-21 08:49:41,568 - INFO - Game 66b2e5f2-98b1-40be-aa27-0189734e2460: Bot config for 300 points: {'skill_level': -5, 'think_time': 0.1, 'mistake_probability': 0.4, 'blunder_probability': 0.15, 'random_move_probability': 0.1, 'depth_limit': 3}
2025-06-21 08:49:42,152 - INFO - Bot move for game 66b2e5f2-98b1-40be-aa27-0189734e2460 (points: 300): f8g7 (from: [0,5], to: [1,6])
2025-06-21 08:49:43,968 - INFO - Received AI move request for game 66b2e5f2-98b1-40be-aa27-0189734e2460: botPoints=300, fen=r1bNk1nr/ppppp1b1/n6p/8/8/2N5/PPPPPPPP/R1BQKB1R b KQkq - 0 1
2025-06-21 08:49:43,968 - INFO - Successfully initialized board for game 66b2e5f2-98b1-40be-aa27-0189734e2460 with FEN: r1bNk1nr/ppppp1b1/n6p/8/8/2N5/PPPPPPPP/R1BQKB1R b KQkq - 0 1
2025-06-21 08:49:43,968 - INFO - Game 66b2e5f2-98b1-40be-aa27-0189734e2460: Bot config for 300 points: {'skill_level': -5, 'think_time': 0.1, 'mistake_probability': 0.4, 'blunder_probability': 0.15, 'random_move_probability': 0.1, 'depth_limit': 3}
2025-06-21 08:49:44,380 - INFO - Bot move for game 66b2e5f2-98b1-40be-aa27-0189734e2460 (points: 300): g7d4 (from: [1,6], to: [4,3])
2025-06-21 08:49:47,341 - INFO - Received AI move request for game 66b2e5f2-98b1-40be-aa27-0189734e2460: botPoints=300, fen=r1b1k1nr/pNppp3/n6p/8/3b4/2N5/PPPPPPPP/R1BQKB1R b KQkq - 0 1
2025-06-21 08:49:47,341 - INFO - Successfully initialized board for game 66b2e5f2-98b1-40be-aa27-0189734e2460 with FEN: r1b1k1nr/pNppp3/n6p/8/3b4/2N5/PPPPPPPP/R1BQKB1R b KQkq - 0 1
2025-06-21 08:49:47,341 - INFO - Game 66b2e5f2-98b1-40be-aa27-0189734e2460: Bot config for 300 points: {'skill_level': -5, 'think_time': 0.1, 'mistake_probability': 0.4, 'blunder_probability': 0.15, 'random_move_probability': 0.1, 'depth_limit': 3}
2025-06-21 08:49:47,581 - INFO - Bot making random move
2025-06-21 08:49:47,582 - INFO - Bot move for game 66b2e5f2-98b1-40be-aa27-0189734e2460 (points: 300): d4e3 (from: [4,3], to: [5,4])
2025-06-21 08:49:50,169 - INFO - Received AI move request for game 66b2e5f2-98b1-40be-aa27-0189734e2460: botPoints=300, fen=r1b1k1nr/pNppp3/n6p/8/8/2N1P3/PPP1PPPP/R1BQKB1R b KQkq - 0 1
2025-06-21 08:49:50,169 - INFO - Successfully initialized board for game 66b2e5f2-98b1-40be-aa27-0189734e2460 with FEN: r1b1k1nr/pNppp3/n6p/8/8/2N1P3/PPP1PPPP/R1BQKB1R b KQkq - 0 1
2025-06-21 08:49:50,170 - INFO - Game 66b2e5f2-98b1-40be-aa27-0189734e2460: Bot config for 300 points: {'skill_level': -5, 'think_time': 0.1, 'mistake_probability': 0.4, 'blunder_probability': 0.15, 'random_move_probability': 0.1, 'depth_limit': 3}
2025-06-21 08:49:50,559 - INFO - Bot making blunder
2025-06-21 08:49:50,559 - INFO - Bot move for game 66b2e5f2-98b1-40be-aa27-0189734e2460 (points: 300): c7c6 (from: [1,2], to: [2,2])
2025-06-21 08:49:57,211 - INFO - Received AI move request for game 66b2e5f2-98b1-40be-aa27-0189734e2460: botPoints=300, fen=r1b1k1nr/pN1pp3/n1p4p/8/3Q4/2N1P3/PPP1PPPP/R1B1KB1R b KQkq - 0 1
2025-06-21 08:49:57,211 - INFO - Successfully initialized board for game 66b2e5f2-98b1-40be-aa27-0189734e2460 with FEN: r1b1k1nr/pN1pp3/n1p4p/8/3Q4/2N1P3/PPP1PPPP/R1B1KB1R b KQkq - 0 1
2025-06-21 08:49:57,211 - INFO - Game 66b2e5f2-98b1-40be-aa27-0189734e2460: Bot config for 300 points: {'skill_level': -5, 'think_time': 0.1, 'mistake_probability': 0.4, 'blunder_probability': 0.15, 'random_move_probability': 0.1, 'depth_limit': 3}
2025-06-21 08:49:57,591 - INFO - Bot move for game 66b2e5f2-98b1-40be-aa27-0189734e2460 (points: 300): a8b8 (from: [0,0], to: [0,1])
2025-06-21 08:50:00,830 - INFO - Received AI move request for game 66b2e5f2-98b1-40be-aa27-0189734e2460: botPoints=300, fen=1rb1k1nQ/pN1pp3/n1p4p/8/8/2N1P3/PPP1PPPP/R1B1KB1R b KQkq - 0 1
2025-06-21 08:50:00,831 - INFO - Successfully initialized board for game 66b2e5f2-98b1-40be-aa27-0189734e2460 with FEN: 1rb1k1nQ/pN1pp3/n1p4p/8/8/2N1P3/PPP1PPPP/R1B1KB1R b KQkq - 0 1
2025-06-21 08:50:00,831 - INFO - Game 66b2e5f2-98b1-40be-aa27-0189734e2460: Bot config for 300 points: {'skill_level': -5, 'think_time': 0.1, 'mistake_probability': 0.4, 'blunder_probability': 0.15, 'random_move_probability': 0.1, 'depth_limit': 3}
2025-06-21 08:50:01,190 - INFO - Bot making mistake
2025-06-21 08:50:01,190 - INFO - Bot move for game 66b2e5f2-98b1-40be-aa27-0189734e2460 (points: 300): a6c5 (from: [2,0], to: [3,2])
2025-06-21 08:50:03,694 - INFO - Received AI move request for game 66b2e5f2-98b1-40be-aa27-0189734e2460: botPoints=300, fen=1rb1k1nQ/p2pp3/2p4p/2N5/8/2N1P3/PPP1PPPP/R1B1KB1R b KQkq - 0 1
2025-06-21 08:50:03,695 - INFO - Successfully initialized board for game 66b2e5f2-98b1-40be-aa27-0189734e2460 with FEN: 1rb1k1nQ/p2pp3/2p4p/2N5/8/2N1P3/PPP1PPPP/R1B1KB1R b KQkq - 0 1
2025-06-21 08:50:03,695 - INFO - Game 66b2e5f2-98b1-40be-aa27-0189734e2460: Bot config for 300 points: {'skill_level': -5, 'think_time': 0.1, 'mistake_probability': 0.4, 'blunder_probability': 0.15, 'random_move_probability': 0.1, 'depth_limit': 3}
2025-06-21 08:50:04,097 - INFO - Bot move for game 66b2e5f2-98b1-40be-aa27-0189734e2460 (points: 300): e8f8 (from: [0,4], to: [0,5])
2025-06-21 08:50:08,553 - INFO - Received AI move request for game 66b2e5f2-98b1-40be-aa27-0189734e2460: botPoints=300, fen=1rb2knQ/p2pp3/2p4p/2N5/4P3/2N5/PPP1PPPP/R1B1KB1R b KQkq - 0 1
2025-06-21 08:50:08,553 - INFO - Successfully initialized board for game 66b2e5f2-98b1-40be-aa27-0189734e2460 with FEN: 1rb2knQ/p2pp3/2p4p/2N5/4P3/2N5/PPP1PPPP/R1B1KB1R b KQkq - 0 1
2025-06-21 08:50:08,553 - INFO - Game 66b2e5f2-98b1-40be-aa27-0189734e2460: Bot config for 300 points: {'skill_level': -5, 'think_time': 0.1, 'mistake_probability': 0.4, 'blunder_probability': 0.15, 'random_move_probability': 0.1, 'depth_limit': 3}
2025-06-21 08:50:08,960 - INFO - Bot making blunder
2025-06-21 08:50:08,960 - INFO - Bot move for game 66b2e5f2-98b1-40be-aa27-0189734e2460 (points: 300): a7a5 (from: [1,0], to: [3,0])
2025-06-21 08:50:11,461 - INFO - Received AI move request for game 66b2e5f2-98b1-40be-aa27-0189734e2460: botPoints=300, fen=1rb2knQ/3pp3/2p4B/p1N5/4P3/2N5/PPP1PPPP/R3KB1R b KQkq - 0 1
2025-06-21 08:50:11,461 - INFO - Successfully initialized board for game 66b2e5f2-98b1-40be-aa27-0189734e2460 with FEN: 1rb2knQ/3pp3/2p4B/p1N5/4P3/2N5/PPP1PPPP/R3KB1R b KQkq - 0 1
2025-06-21 08:50:11,461 - INFO - Game 66b2e5f2-98b1-40be-aa27-0189734e2460: Bot config for 300 points: {'skill_level': -5, 'think_time': 0.1, 'mistake_probability': 0.4, 'blunder_probability': 0.15, 'random_move_probability': 0.1, 'depth_limit': 3}
2025-06-21 08:50:11,714 - INFO - Bot move for game 66b2e5f2-98b1-40be-aa27-0189734e2460 (points: 300): f8e8 (from: [0,5], to: [0,4])
2025-06-21 08:53:45,822 - INFO - Stockfish found at C:\Engines\stockfish\stockfish-windows-x86-64-avx2.exe
2025-06-21 08:53:45,850 - INFO - Starting AI Chess Game Server with Waitress on http://localhost:5000
2025-06-21 08:53:45,856 - INFO - Serving on http://0.0.0.0:5000
2025-06-21 08:54:13,448 - INFO - Received AI move request for game 47520af5-d09a-4463-917c-3a43141fdb29: botPoints=400, fen=rnbqkbnr/pppppppp/8/8/8/5N2/PPPPPPPP/RNBQKB1R b KQkq - 0 1
2025-06-21 08:54:13,448 - INFO - Successfully initialized board for game 47520af5-d09a-4463-917c-3a43141fdb29 with FEN: rnbqkbnr/pppppppp/8/8/8/5N2/PPPPPPPP/RNBQKB1R b KQkq - 0 1
2025-06-21 08:54:13,449 - INFO - Game 47520af5-d09a-4463-917c-3a43141fdb29: Bot config for 400 points: {'skill_level': -5, 'think_time': 0.1, 'mistake_probability': 0.4, 'blunder_probability': 0.15, 'random_move_probability': 0.1, 'depth_limit': 3}
2025-06-21 08:54:14,611 - INFO - Bot making mistake
2025-06-21 08:54:14,611 - INFO - Bot move for game 47520af5-d09a-4463-917c-3a43141fdb29 (points: 400): b8a6 (from: [0,1], to: [2,0])
2025-06-21 08:54:17,130 - INFO - Received AI move request for game 47520af5-d09a-4463-917c-3a43141fdb29: botPoints=400, fen=r1bqkbnr/pppppppp/n7/4N3/8/8/PPPPPPPP/RNBQKB1R b KQkq - 0 1
2025-06-21 08:54:17,130 - INFO - Successfully initialized board for game 47520af5-d09a-4463-917c-3a43141fdb29 with FEN: r1bqkbnr/pppppppp/n7/4N3/8/8/PPPPPPPP/RNBQKB1R b KQkq - 0 1
2025-06-21 08:54:17,130 - INFO - Game 47520af5-d09a-4463-917c-3a43141fdb29: Bot config for 400 points: {'skill_level': -5, 'think_time': 0.1, 'mistake_probability': 0.4, 'blunder_probability': 0.15, 'random_move_probability': 0.1, 'depth_limit': 3}
2025-06-21 08:54:18,427 - INFO - Bot making mistake
2025-06-21 08:54:18,427 - INFO - Bot move for game 47520af5-d09a-4463-917c-3a43141fdb29 (points: 400): a6c5 (from: [2,0], to: [3,2])
